INFO:main:Start training at 2023-03-15_02:05:17
INFO:main:args: Namespace(device='cuda', acc_time='acc_time', generated_images_dir='generated_images', benchmark_mode=True, mode='rmlsoftmax', batch_size=64, input_size=28, z_dim=64, lrC=0.1, lrD=0.0002, lrG=0.0002, momentum=0.5, beta1=0.5, beta2=0.999, scheduler=False, m=4.0, s=10.0, index=1, num_epoch=40, num_labels=1000, alpha=0.9, checkpoint_epochs=1, num_samples=100, resume='', labels='uniform_labels/1000/0.txt')
INFO:main:Let's use 2 GPUs!
INFO:main:Labeled size: 1000, Unlabeled size: 49000
INFO:main:Epoch: 1  || lrC: 0.1, lrD: 0.0002, lrG: 0.0002
INFO:main:Training C to archieve at least 0.93 accuracy
INFO:main:Test loss: 2.3121 || Accuracy: 2801/10000 (28%)

INFO:main:Test loss: 2.2904 || Accuracy: 6612/10000 (66%)

INFO:main:Test loss: 1.8433 || Accuracy: 4400/10000 (44%)

INFO:main:Test loss: 0.6786 || Accuracy: 7913/10000 (79%)

INFO:main:Test loss: 0.3228 || Accuracy: 9022/10000 (90%)

INFO:main:Test loss: 0.3508 || Accuracy: 8843/10000 (88%)

INFO:main:Test loss: 0.2994 || Accuracy: 9057/10000 (91%)

INFO:main:Test loss: 0.2678 || Accuracy: 9178/10000 (92%)

INFO:main:Test loss: 0.2012 || Accuracy: 9406/10000 (94%)

INFO:main:Epoch:   1 || 100/921 || D_loss: 0.0000, G_loss: 9.7031, C_loss: 0.1643
INFO:main:Epoch:   1 || 200/921 || D_loss: 0.0000, G_loss: 9.6913, C_loss: 0.1554
INFO:main:Epoch:   1 || 300/921 || D_loss: 0.0000, G_loss: 9.8123, C_loss: 0.1799
INFO:main:Epoch:   1 || 400/921 || D_loss: 30.1410, G_loss: 1.8625, C_loss: 0.1537
INFO:main:Epoch:   1 || 500/921 || D_loss: 35.5761, G_loss: 0.6216, C_loss: 0.1731
INFO:main:Epoch:   1 || 600/921 || D_loss: 36.4005, G_loss: 1.2537, C_loss: 0.1575
INFO:main:Epoch:   1 || 700/921 || D_loss: 34.8027, G_loss: 1.7977, C_loss: 0.1895
INFO:main:Epoch:   1 || 800/921 || D_loss: 35.3973, G_loss: 0.5234, C_loss: 0.1400
INFO:main:Epoch:   1 || 900/921 || D_loss: 34.5362, G_loss: 0.6168, C_loss: 0.1631
INFO:main:
Pseudo tag || Accuracy: 56751/58944 (96%)

INFO:main:
Test set || Test loss: 0.0782 || Accuracy: 9792/10000 (97.9200%) || Best accuraccy: 0.9792

WARNING:imageio:Lossy conversion from float64 to uint8. Range [0, 1]. Convert image to uint8 prior to saving to suppress this warning.
INFO:main:Epoch: 2  || lrC: 0.1, lrD: 0.0002, lrG: 0.0002
INFO:main:Epoch:   2 || 100/921 || D_loss: 37.3948, G_loss: 0.5750, C_loss: 0.1760
INFO:main:Epoch:   2 || 200/921 || D_loss: 39.7562, G_loss: 0.5811, C_loss: 0.1502
INFO:main:Epoch:   2 || 300/921 || D_loss: 39.7476, G_loss: 0.5757, C_loss: 0.2289
INFO:main:Epoch:   2 || 400/921 || D_loss: 37.3812, G_loss: 0.4411, C_loss: 0.2739
INFO:main:Epoch:   2 || 500/921 || D_loss: 36.2236, G_loss: 0.1811, C_loss: 0.2161
INFO:main:Epoch:   2 || 600/921 || D_loss: 37.4814, G_loss: 0.3138, C_loss: 0.2071
INFO:main:Epoch:   2 || 700/921 || D_loss: 39.1162, G_loss: 0.4631, C_loss: 0.2066
INFO:main:Epoch:   2 || 800/921 || D_loss: 38.5461, G_loss: 0.5508, C_loss: 0.1782
INFO:main:Epoch:   2 || 900/921 || D_loss: 38.7169, G_loss: 0.0695, C_loss: 0.1701
INFO:main:
Pseudo tag || Accuracy: 57732/58944 (98%)

INFO:main:
Test set || Test loss: 0.1057 || Accuracy: 9812/10000 (98.1200%) || Best accuraccy: 0.9812

WARNING:imageio:Lossy conversion from float64 to uint8. Range [0, 1]. Convert image to uint8 prior to saving to suppress this warning.
INFO:main:Epoch: 3  || lrC: 0.1, lrD: 0.0002, lrG: 0.0002
INFO:main:Epoch:   3 || 100/921 || D_loss: 35.4418, G_loss: 0.5746, C_loss: 0.2281
INFO:main:Epoch:   3 || 200/921 || D_loss: 34.6604, G_loss: 0.9620, C_loss: 0.2043
INFO:main:Epoch:   3 || 300/921 || D_loss: 36.2932, G_loss: 0.5495, C_loss: 0.1993
INFO:main:Epoch:   3 || 400/921 || D_loss: 38.2433, G_loss: 0.3120, C_loss: 0.2066
INFO:main:Epoch:   3 || 500/921 || D_loss: 33.2019, G_loss: 0.5394, C_loss: 0.1903
INFO:main:Epoch:   3 || 600/921 || D_loss: 36.8754, G_loss: 0.6787, C_loss: 0.2386
INFO:main:Epoch:   3 || 700/921 || D_loss: 36.0227, G_loss: 0.3156, C_loss: 0.2025
INFO:main:Epoch:   3 || 800/921 || D_loss: 36.7225, G_loss: 0.3644, C_loss: 0.2102
INFO:main:Epoch:   3 || 900/921 || D_loss: 33.2940, G_loss: 0.8268, C_loss: 0.2617
INFO:main:
Pseudo tag || Accuracy: 57824/58944 (98%)

INFO:main:
Test set || Test loss: 0.1265 || Accuracy: 9757/10000 (97.5700%) || Best accuraccy: 0.9812

WARNING:imageio:Lossy conversion from float64 to uint8. Range [0, 1]. Convert image to uint8 prior to saving to suppress this warning.
INFO:main:Epoch: 4  || lrC: 0.1, lrD: 0.0002, lrG: 0.0002
INFO:main:Epoch:   4 || 100/921 || D_loss: 35.2157, G_loss: 0.6312, C_loss: 0.2476
INFO:main:Epoch:   4 || 200/921 || D_loss: 33.6636, G_loss: 0.8275, C_loss: 0.1853
INFO:main:Epoch:   4 || 300/921 || D_loss: 38.5419, G_loss: 0.0514, C_loss: 0.2014
INFO:main:Epoch:   4 || 400/921 || D_loss: 32.9850, G_loss: 0.8334, C_loss: 0.2033
INFO:main:Epoch:   4 || 500/921 || D_loss: 36.1985, G_loss: 0.2761, C_loss: 0.2305
INFO:main:Epoch:   4 || 600/921 || D_loss: 34.0555, G_loss: 1.0961, C_loss: 0.1869
INFO:main:Epoch:   4 || 700/921 || D_loss: 33.9079, G_loss: 1.3839, C_loss: 0.2136
INFO:main:Epoch:   4 || 800/921 || D_loss: 38.3826, G_loss: 0.3054, C_loss: 0.2051
INFO:main:Epoch:   4 || 900/921 || D_loss: 37.0061, G_loss: 0.5577, C_loss: 0.2106
INFO:main:
Pseudo tag || Accuracy: 57847/58944 (98%)

INFO:main:
Test set || Test loss: 0.1078 || Accuracy: 9806/10000 (98.0600%) || Best accuraccy: 0.9812

WARNING:imageio:Lossy conversion from float64 to uint8. Range [0, 1]. Convert image to uint8 prior to saving to suppress this warning.
INFO:main:Epoch: 5  || lrC: 0.1, lrD: 0.0002, lrG: 0.0002
INFO:main:Epoch:   5 || 100/921 || D_loss: 32.6838, G_loss: 1.4829, C_loss: 0.2092
INFO:main:Epoch:   5 || 200/921 || D_loss: 33.0122, G_loss: 0.7406, C_loss: 0.1961
INFO:main:Epoch:   5 || 300/921 || D_loss: 28.8267, G_loss: 2.5354, C_loss: 0.2157
INFO:main:Epoch:   5 || 400/921 || D_loss: 30.7585, G_loss: 2.0784, C_loss: 0.1571
INFO:main:Epoch:   5 || 500/921 || D_loss: 34.6239, G_loss: 1.0015, C_loss: 0.1625
INFO:main:Epoch:   5 || 600/921 || D_loss: 34.9543, G_loss: 1.5158, C_loss: 0.1972
INFO:main:Epoch:   5 || 700/921 || D_loss: 36.5288, G_loss: 0.8049, C_loss: 0.2074
INFO:main:Epoch:   5 || 800/921 || D_loss: 32.7882, G_loss: 1.3599, C_loss: 0.1969
INFO:main:Epoch:   5 || 900/921 || D_loss: 31.5238, G_loss: 2.0225, C_loss: 0.1635
INFO:main:
Pseudo tag || Accuracy: 57782/58944 (98%)

INFO:main:
Test set || Test loss: 0.0998 || Accuracy: 9818/10000 (98.1800%) || Best accuraccy: 0.9818

WARNING:imageio:Lossy conversion from float64 to uint8. Range [0, 1]. Convert image to uint8 prior to saving to suppress this warning.
INFO:main:Epoch: 6  || lrC: 0.1, lrD: 0.0002, lrG: 0.0002
INFO:main:Epoch:   6 || 100/921 || D_loss: 35.1854, G_loss: 1.5873, C_loss: 0.1847
INFO:main:Epoch:   6 || 200/921 || D_loss: 29.7423, G_loss: 1.9683, C_loss: 0.2158
INFO:main:Epoch:   6 || 300/921 || D_loss: 35.8477, G_loss: 0.2263, C_loss: 0.1625
INFO:main:Epoch:   6 || 400/921 || D_loss: 39.5821, G_loss: 0.3294, C_loss: 0.1530
INFO:main:Epoch:   6 || 500/921 || D_loss: 27.7245, G_loss: 2.2076, C_loss: 0.1756
INFO:main:Epoch:   6 || 600/921 || D_loss: 32.3421, G_loss: 1.4413, C_loss: 0.2068
INFO:main:Epoch:   6 || 700/921 || D_loss: 37.3342, G_loss: 0.3266, C_loss: 0.1802
INFO:main:Epoch:   6 || 800/921 || D_loss: 37.7028, G_loss: 1.0753, C_loss: 0.1653
INFO:main:Epoch:   6 || 900/921 || D_loss: 29.4354, G_loss: 1.5212, C_loss: 0.1691
INFO:main:
Pseudo tag || Accuracy: 57890/58944 (98%)

INFO:main:
Test set || Test loss: 0.0929 || Accuracy: 9844/10000 (98.4400%) || Best accuraccy: 0.9844

WARNING:imageio:Lossy conversion from float64 to uint8. Range [0, 1]. Convert image to uint8 prior to saving to suppress this warning.
INFO:main:Epoch: 7  || lrC: 0.1, lrD: 0.0002, lrG: 0.0002
INFO:main:Epoch:   7 || 100/921 || D_loss: 32.1294, G_loss: 1.2857, C_loss: 0.1707
INFO:main:Epoch:   7 || 200/921 || D_loss: 36.2798, G_loss: 0.3192, C_loss: 0.1989
INFO:main:Epoch:   7 || 300/921 || D_loss: 32.1264, G_loss: 0.7254, C_loss: 0.1601
INFO:main:Epoch:   7 || 400/921 || D_loss: 32.0513, G_loss: 1.1595, C_loss: 0.2647
INFO:main:Epoch:   7 || 500/921 || D_loss: 33.6807, G_loss: 0.5187, C_loss: 0.1851
INFO:main:Epoch:   7 || 600/921 || D_loss: 27.9654, G_loss: 1.2557, C_loss: 0.1879
INFO:main:Epoch:   7 || 700/921 || D_loss: 33.1777, G_loss: 0.8486, C_loss: 0.1599
INFO:main:Epoch:   7 || 800/921 || D_loss: 33.1271, G_loss: 1.3446, C_loss: 0.1922
INFO:main:Epoch:   7 || 900/921 || D_loss: 33.8625, G_loss: 1.4836, C_loss: 0.1744
INFO:main:
Pseudo tag || Accuracy: 57950/58944 (98%)

INFO:main:
Test set || Test loss: 0.1085 || Accuracy: 9824/10000 (98.2400%) || Best accuraccy: 0.9844

WARNING:imageio:Lossy conversion from float64 to uint8. Range [0, 1]. Convert image to uint8 prior to saving to suppress this warning.
INFO:main:Epoch: 8  || lrC: 0.1, lrD: 0.0002, lrG: 0.0002
INFO:main:Epoch:   8 || 100/921 || D_loss: 34.5860, G_loss: 0.9163, C_loss: 0.2281
INFO:main:Epoch:   8 || 200/921 || D_loss: 33.6743, G_loss: 1.3347, C_loss: 0.1837
INFO:main:Epoch:   8 || 300/921 || D_loss: 35.2087, G_loss: 0.6008, C_loss: 0.1543
INFO:main:Epoch:   8 || 400/921 || D_loss: 38.4454, G_loss: 0.0510, C_loss: 0.2166
INFO:main:Epoch:   8 || 500/921 || D_loss: 29.7590, G_loss: 1.7662, C_loss: 0.1457
INFO:main:Epoch:   8 || 600/921 || D_loss: 34.1212, G_loss: 1.3727, C_loss: 0.2135
INFO:main:Epoch:   8 || 700/921 || D_loss: 36.3384, G_loss: 0.3045, C_loss: 0.1705
INFO:main:Epoch:   8 || 800/921 || D_loss: 32.2773, G_loss: 0.5879, C_loss: 0.1670
INFO:main:Epoch:   8 || 900/921 || D_loss: 35.5469, G_loss: 0.7982, C_loss: 0.1775
INFO:main:
Pseudo tag || Accuracy: 57971/58944 (98%)

INFO:main:
Test set || Test loss: 0.0731 || Accuracy: 9850/10000 (98.5000%) || Best accuraccy: 0.985

WARNING:imageio:Lossy conversion from float64 to uint8. Range [0, 1]. Convert image to uint8 prior to saving to suppress this warning.
INFO:main:Epoch: 9  || lrC: 0.1, lrD: 0.0002, lrG: 0.0002
INFO:main:Epoch:   9 || 100/921 || D_loss: 33.2398, G_loss: 1.3622, C_loss: 0.1969
INFO:main:Epoch:   9 || 200/921 || D_loss: 29.1251, G_loss: 1.4862, C_loss: 0.1861
INFO:main:Epoch:   9 || 300/921 || D_loss: 32.1449, G_loss: 1.6465, C_loss: 0.2195
INFO:main:Epoch:   9 || 400/921 || D_loss: 33.3442, G_loss: 0.3029, C_loss: 0.1994
INFO:main:Epoch:   9 || 500/921 || D_loss: 34.8611, G_loss: 0.3027, C_loss: 0.1877
INFO:main:Epoch:   9 || 600/921 || D_loss: 30.7494, G_loss: 1.7667, C_loss: 0.2158
INFO:main:Epoch:   9 || 700/921 || D_loss: 34.9915, G_loss: 0.8503, C_loss: 0.2174
INFO:main:Epoch:   9 || 800/921 || D_loss: 35.4976, G_loss: 0.9604, C_loss: 0.1825
INFO:main:Epoch:   9 || 900/921 || D_loss: 31.1097, G_loss: 1.7100, C_loss: 0.1613
INFO:main:
Pseudo tag || Accuracy: 58034/58944 (98%)

INFO:main:
Test set || Test loss: 0.0878 || Accuracy: 9845/10000 (98.4500%) || Best accuraccy: 0.985

WARNING:imageio:Lossy conversion from float64 to uint8. Range [0, 1]. Convert image to uint8 prior to saving to suppress this warning.
INFO:main:Epoch: 10  || lrC: 0.1, lrD: 0.0002, lrG: 0.0002
INFO:main:Epoch:  10 || 100/921 || D_loss: 35.0673, G_loss: 0.9952, C_loss: 0.1730
INFO:main:Epoch:  10 || 200/921 || D_loss: 32.4302, G_loss: 0.8310, C_loss: 0.2056
INFO:main:Epoch:  10 || 300/921 || D_loss: 32.0247, G_loss: 0.8462, C_loss: 0.1605
INFO:main:Epoch:  10 || 400/921 || D_loss: 36.2638, G_loss: 0.8248, C_loss: 0.2170
INFO:main:Epoch:  10 || 500/921 || D_loss: 30.0534, G_loss: 0.5413, C_loss: 0.1555
INFO:main:Epoch:  10 || 600/921 || D_loss: 34.6016, G_loss: 1.4973, C_loss: 0.1857
INFO:main:Epoch:  10 || 700/921 || D_loss: 31.9687, G_loss: 0.7610, C_loss: 0.1531
INFO:main:Epoch:  10 || 800/921 || D_loss: 33.4919, G_loss: 0.5786, C_loss: 0.1857
INFO:main:Epoch:  10 || 900/921 || D_loss: 32.7322, G_loss: 1.3102, C_loss: 0.1751
INFO:main:
Pseudo tag || Accuracy: 58068/58944 (99%)

INFO:main:
Test set || Test loss: 0.0943 || Accuracy: 9823/10000 (98.2300%) || Best accuraccy: 0.985

WARNING:imageio:Lossy conversion from float64 to uint8. Range [0, 1]. Convert image to uint8 prior to saving to suppress this warning.
INFO:main:Epoch: 11  || lrC: 0.1, lrD: 0.0002, lrG: 0.0002
INFO:main:Epoch:  11 || 100/921 || D_loss: 34.1727, G_loss: 0.5480, C_loss: 0.2005
INFO:main:Epoch:  11 || 200/921 || D_loss: 33.2120, G_loss: 0.0783, C_loss: 0.1325
INFO:main:Epoch:  11 || 300/921 || D_loss: 32.6165, G_loss: 0.7288, C_loss: 0.1984
INFO:main:Epoch:  11 || 400/921 || D_loss: 35.8636, G_loss: 1.0486, C_loss: 0.1745
INFO:main:Epoch:  11 || 500/921 || D_loss: 31.6456, G_loss: 0.8373, C_loss: 0.1496
INFO:main:Epoch:  11 || 600/921 || D_loss: 30.4184, G_loss: 1.3244, C_loss: 0.1942
INFO:main:Epoch:  11 || 700/921 || D_loss: 36.1281, G_loss: 0.0662, C_loss: 0.2016
INFO:main:Epoch:  11 || 800/921 || D_loss: 36.6084, G_loss: 0.2941, C_loss: 0.1509
INFO:main:Epoch:  11 || 900/921 || D_loss: 32.7112, G_loss: 1.0464, C_loss: 0.1801
INFO:main:
Pseudo tag || Accuracy: 58076/58944 (99%)

INFO:main:
Test set || Test loss: 0.0804 || Accuracy: 9869/10000 (98.6900%) || Best accuraccy: 0.9869

WARNING:imageio:Lossy conversion from float64 to uint8. Range [0, 1]. Convert image to uint8 prior to saving to suppress this warning.
INFO:main:Epoch: 12  || lrC: 0.1, lrD: 0.0002, lrG: 0.0002
INFO:main:Epoch:  12 || 100/921 || D_loss: 32.5172, G_loss: 0.5928, C_loss: 0.1948
INFO:main:Epoch:  12 || 200/921 || D_loss: 29.4817, G_loss: 0.8423, C_loss: 0.1955
INFO:main:Epoch:  12 || 300/921 || D_loss: 33.2456, G_loss: 1.0931, C_loss: 0.1955
INFO:main:Epoch:  12 || 400/921 || D_loss: 31.3076, G_loss: 1.9507, C_loss: 0.1750
INFO:main:Epoch:  12 || 500/921 || D_loss: 35.2862, G_loss: 0.6348, C_loss: 0.1740
INFO:main:Epoch:  12 || 600/921 || D_loss: 28.5516, G_loss: 1.1764, C_loss: 0.1649
INFO:main:Epoch:  12 || 700/921 || D_loss: 35.2803, G_loss: 0.5938, C_loss: 0.1535
INFO:main:Epoch:  12 || 800/921 || D_loss: 31.1165, G_loss: 1.8832, C_loss: 0.1746
INFO:main:Epoch:  12 || 900/921 || D_loss: 36.7496, G_loss: 0.8063, C_loss: 0.1513
INFO:main:
Pseudo tag || Accuracy: 58079/58944 (99%)

INFO:main:
Test set || Test loss: 0.0992 || Accuracy: 9846/10000 (98.4600%) || Best accuraccy: 0.9869

WARNING:imageio:Lossy conversion from float64 to uint8. Range [0, 1]. Convert image to uint8 prior to saving to suppress this warning.
INFO:main:Epoch: 13  || lrC: 0.1, lrD: 0.0002, lrG: 0.0002
INFO:main:Epoch:  13 || 100/921 || D_loss: 32.0716, G_loss: 1.6101, C_loss: 0.1738
INFO:main:Epoch:  13 || 200/921 || D_loss: 33.0188, G_loss: 0.7265, C_loss: 0.1725
INFO:main:Epoch:  13 || 300/921 || D_loss: 29.8373, G_loss: 0.8062, C_loss: 0.2000
INFO:main:Epoch:  13 || 400/921 || D_loss: 32.3688, G_loss: 0.8144, C_loss: 0.1783
INFO:main:Epoch:  13 || 500/921 || D_loss: 32.9185, G_loss: 1.0628, C_loss: 0.1817
INFO:main:Epoch:  13 || 600/921 || D_loss: 31.5859, G_loss: 1.3144, C_loss: 0.1732
INFO:main:Epoch:  13 || 700/921 || D_loss: 33.8239, G_loss: 0.5435, C_loss: 0.1642
INFO:main:Epoch:  13 || 800/921 || D_loss: 33.2621, G_loss: 0.5770, C_loss: 0.1873
INFO:main:Epoch:  13 || 900/921 || D_loss: 34.1514, G_loss: 1.1472, C_loss: 0.1996
INFO:main:
Pseudo tag || Accuracy: 58090/58944 (99%)

INFO:main:
Test set || Test loss: 0.1078 || Accuracy: 9819/10000 (98.1900%) || Best accuraccy: 0.9869

WARNING:imageio:Lossy conversion from float64 to uint8. Range [0, 1]. Convert image to uint8 prior to saving to suppress this warning.
INFO:main:Epoch: 14  || lrC: 0.1, lrD: 0.0002, lrG: 0.0002
INFO:main:Epoch:  14 || 100/921 || D_loss: 34.2600, G_loss: 0.0649, C_loss: 0.2115
INFO:main:Epoch:  14 || 200/921 || D_loss: 30.7052, G_loss: 1.5101, C_loss: 0.1715
INFO:main:Epoch:  14 || 300/921 || D_loss: 33.0940, G_loss: 1.5984, C_loss: 0.1749
INFO:main:Epoch:  14 || 400/921 || D_loss: 31.5584, G_loss: 1.3629, C_loss: 0.1693
INFO:main:Epoch:  14 || 500/921 || D_loss: 35.5985, G_loss: 0.2910, C_loss: 0.1453
INFO:main:Epoch:  14 || 600/921 || D_loss: 31.6320, G_loss: 1.3052, C_loss: 0.1733
INFO:main:Epoch:  14 || 700/921 || D_loss: 33.2567, G_loss: 0.8270, C_loss: 0.1916
INFO:main:Epoch:  14 || 800/921 || D_loss: 31.1778, G_loss: 1.3361, C_loss: 0.1530
INFO:main:Epoch:  14 || 900/921 || D_loss: 31.7558, G_loss: 1.3756, C_loss: 0.1545
INFO:main:
Pseudo tag || Accuracy: 58092/58944 (99%)

INFO:main:
Test set || Test loss: 0.0712 || Accuracy: 9872/10000 (98.7200%) || Best accuraccy: 0.9872

WARNING:imageio:Lossy conversion from float64 to uint8. Range [0, 1]. Convert image to uint8 prior to saving to suppress this warning.
INFO:main:Epoch: 15  || lrC: 0.1, lrD: 0.0002, lrG: 0.0002
INFO:main:Epoch:  15 || 100/921 || D_loss: 29.5949, G_loss: 1.1437, C_loss: 0.1717
INFO:main:Epoch:  15 || 200/921 || D_loss: 30.6967, G_loss: 0.6091, C_loss: 0.1497
INFO:main:Epoch:  15 || 300/921 || D_loss: 33.1278, G_loss: 1.0411, C_loss: 0.2405
INFO:main:Epoch:  15 || 400/921 || D_loss: 34.1846, G_loss: 0.0753, C_loss: 0.1730
INFO:main:Epoch:  15 || 500/921 || D_loss: 34.1210, G_loss: 0.6073, C_loss: 0.1553
INFO:main:Epoch:  15 || 600/921 || D_loss: 34.8245, G_loss: 1.1205, C_loss: 0.1979
INFO:main:Epoch:  15 || 700/921 || D_loss: 30.2548, G_loss: 0.5669, C_loss: 0.1753
INFO:main:Epoch:  15 || 800/921 || D_loss: 33.1835, G_loss: 0.3049, C_loss: 0.1913
INFO:main:Epoch:  15 || 900/921 || D_loss: 32.7307, G_loss: 1.3686, C_loss: 0.1726
INFO:main:
Pseudo tag || Accuracy: 58054/58944 (98%)

INFO:main:
Test set || Test loss: 0.0998 || Accuracy: 9810/10000 (98.1000%) || Best accuraccy: 0.9872

WARNING:imageio:Lossy conversion from float64 to uint8. Range [0, 1]. Convert image to uint8 prior to saving to suppress this warning.
INFO:main:Epoch: 16  || lrC: 0.1, lrD: 0.0002, lrG: 0.0002
INFO:main:Epoch:  16 || 100/921 || D_loss: 35.7782, G_loss: 0.5684, C_loss: 0.1547
INFO:main:Epoch:  16 || 200/921 || D_loss: 35.0450, G_loss: 1.6237, C_loss: 0.1769
INFO:main:Epoch:  16 || 300/921 || D_loss: 33.2672, G_loss: 0.7908, C_loss: 0.1905
INFO:main:Epoch:  16 || 400/921 || D_loss: 35.1704, G_loss: 0.5211, C_loss: 0.1823
INFO:main:Epoch:  16 || 500/921 || D_loss: 32.3440, G_loss: 0.9513, C_loss: 0.1353
INFO:main:Epoch:  16 || 600/921 || D_loss: 33.8486, G_loss: 0.8689, C_loss: 0.1449
INFO:main:Epoch:  16 || 700/921 || D_loss: 34.5710, G_loss: 0.8630, C_loss: 0.1455
INFO:main:Epoch:  16 || 800/921 || D_loss: 33.2632, G_loss: 0.6015, C_loss: 0.1771
INFO:main:Epoch:  16 || 900/921 || D_loss: 33.9602, G_loss: 1.0533, C_loss: 0.1777
INFO:main:
Pseudo tag || Accuracy: 58035/58944 (98%)

INFO:main:
Test set || Test loss: 0.1087 || Accuracy: 9797/10000 (97.9700%) || Best accuraccy: 0.9872

WARNING:imageio:Lossy conversion from float64 to uint8. Range [0, 1]. Convert image to uint8 prior to saving to suppress this warning.
INFO:main:Epoch: 17  || lrC: 0.1, lrD: 0.0002, lrG: 0.0002
INFO:main:Epoch:  17 || 100/921 || D_loss: 34.0806, G_loss: 0.3369, C_loss: 0.1511
INFO:main:Epoch:  17 || 200/921 || D_loss: 33.3565, G_loss: 1.1014, C_loss: 0.1833
INFO:main:Epoch:  17 || 300/921 || D_loss: 32.1270, G_loss: 1.0890, C_loss: 0.1831
INFO:main:Epoch:  17 || 400/921 || D_loss: 33.0739, G_loss: 0.5667, C_loss: 0.1725
INFO:main:Epoch:  17 || 500/921 || D_loss: 34.5413, G_loss: 0.3230, C_loss: 0.1384
INFO:main:Epoch:  17 || 600/921 || D_loss: 32.7153, G_loss: 0.9067, C_loss: 0.1699
INFO:main:Epoch:  17 || 700/921 || D_loss: 33.4987, G_loss: 0.6303, C_loss: 0.1968
INFO:main:Epoch:  17 || 800/921 || D_loss: 33.7424, G_loss: 0.8511, C_loss: 0.1457
INFO:main:Epoch:  17 || 900/921 || D_loss: 33.1216, G_loss: 0.8895, C_loss: 0.1526
INFO:main:
Pseudo tag || Accuracy: 58051/58944 (98%)

INFO:main:
Test set || Test loss: 0.1252 || Accuracy: 9802/10000 (98.0200%) || Best accuraccy: 0.9872

WARNING:imageio:Lossy conversion from float64 to uint8. Range [0, 1]. Convert image to uint8 prior to saving to suppress this warning.
INFO:main:Epoch: 18  || lrC: 0.1, lrD: 0.0002, lrG: 0.0002
INFO:main:Epoch:  18 || 100/921 || D_loss: 35.4367, G_loss: 0.3053, C_loss: 0.1961
INFO:main:Epoch:  18 || 200/921 || D_loss: 34.2070, G_loss: 0.8052, C_loss: 0.1384
INFO:main:Epoch:  18 || 300/921 || D_loss: 35.2458, G_loss: 1.1001, C_loss: 0.1735
INFO:main:Epoch:  18 || 400/921 || D_loss: 34.5824, G_loss: 0.3456, C_loss: 0.1459
INFO:main:Epoch:  18 || 500/921 || D_loss: 33.4824, G_loss: 1.0363, C_loss: 0.1627
INFO:main:Epoch:  18 || 600/921 || D_loss: 34.3401, G_loss: 0.6091, C_loss: 0.1308
INFO:main:Epoch:  18 || 700/921 || D_loss: 33.9056, G_loss: 0.3518, C_loss: 0.1367
INFO:main:Epoch:  18 || 800/921 || D_loss: 34.6482, G_loss: 0.5952, C_loss: 0.1711
INFO:main:Epoch:  18 || 900/921 || D_loss: 33.1635, G_loss: 0.6131, C_loss: 0.1630
INFO:main:
Pseudo tag || Accuracy: 58075/58944 (99%)

INFO:main:
Test set || Test loss: 0.1919 || Accuracy: 9677/10000 (96.7700%) || Best accuraccy: 0.9872

WARNING:imageio:Lossy conversion from float64 to uint8. Range [0, 1]. Convert image to uint8 prior to saving to suppress this warning.
INFO:main:Epoch: 19  || lrC: 0.1, lrD: 0.0002, lrG: 0.0002
INFO:main:Epoch:  19 || 100/921 || D_loss: 32.5817, G_loss: 0.8369, C_loss: 0.1638
INFO:main:Epoch:  19 || 200/921 || D_loss: 32.5751, G_loss: 1.3938, C_loss: 0.1392
INFO:main:Epoch:  19 || 300/921 || D_loss: 32.7411, G_loss: 0.8276, C_loss: 0.1705
INFO:main:Epoch:  19 || 400/921 || D_loss: 32.1838, G_loss: 0.8708, C_loss: 0.1353
INFO:main:Epoch:  19 || 500/921 || D_loss: 32.9352, G_loss: 1.2611, C_loss: 0.1877
INFO:main:Epoch:  19 || 600/921 || D_loss: 33.4696, G_loss: 1.1301, C_loss: 0.1310
INFO:main:Epoch:  19 || 700/921 || D_loss: 32.5423, G_loss: 1.6813, C_loss: 0.1367
INFO:main:Epoch:  19 || 800/921 || D_loss: 33.5302, G_loss: 0.8607, C_loss: 0.2005
INFO:main:Epoch:  19 || 900/921 || D_loss: 32.4588, G_loss: 0.3303, C_loss: 0.2023
INFO:main:
Pseudo tag || Accuracy: 58113/58944 (99%)

INFO:main:
Test set || Test loss: 0.0840 || Accuracy: 9836/10000 (98.3600%) || Best accuraccy: 0.9872

WARNING:imageio:Lossy conversion from float64 to uint8. Range [0, 1]. Convert image to uint8 prior to saving to suppress this warning.
INFO:main:Epoch: 20  || lrC: 0.1, lrD: 0.0002, lrG: 0.0002
INFO:main:Epoch:  20 || 100/921 || D_loss: 32.2401, G_loss: 1.5779, C_loss: 0.1578
INFO:main:Epoch:  20 || 200/921 || D_loss: 32.2615, G_loss: 1.1371, C_loss: 0.1537
INFO:main:Epoch:  20 || 300/921 || D_loss: 32.5028, G_loss: 0.3194, C_loss: 0.1509
INFO:main:Epoch:  20 || 400/921 || D_loss: 35.6707, G_loss: 0.8315, C_loss: 0.1629
INFO:main:Epoch:  20 || 500/921 || D_loss: 35.0490, G_loss: 1.0889, C_loss: 0.1474
INFO:main:Epoch:  20 || 600/921 || D_loss: 34.1339, G_loss: 0.8757, C_loss: 0.1352
INFO:main:Epoch:  20 || 700/921 || D_loss: 33.6522, G_loss: 0.8890, C_loss: 0.1481
INFO:main:Epoch:  20 || 800/921 || D_loss: 33.1096, G_loss: 0.3200, C_loss: 0.1610
INFO:main:Epoch:  20 || 900/921 || D_loss: 32.6717, G_loss: 0.8882, C_loss: 0.1211
INFO:main:
Pseudo tag || Accuracy: 58103/58944 (99%)

INFO:main:
Test set || Test loss: 0.1823 || Accuracy: 9692/10000 (96.9200%) || Best accuraccy: 0.9872

WARNING:imageio:Lossy conversion from float64 to uint8. Range [0, 1]. Convert image to uint8 prior to saving to suppress this warning.
INFO:main:Epoch: 21  || lrC: 0.1, lrD: 0.0002, lrG: 0.0002
INFO:main:Epoch:  21 || 100/921 || D_loss: 32.6137, G_loss: 1.3504, C_loss: 0.1303
INFO:main:Epoch:  21 || 200/921 || D_loss: 32.7326, G_loss: 1.6926, C_loss: 0.1277
INFO:main:Epoch:  21 || 300/921 || D_loss: 33.1999, G_loss: 0.3263, C_loss: 0.1877
INFO:main:Epoch:  21 || 400/921 || D_loss: 32.3908, G_loss: 0.5460, C_loss: 0.1701
INFO:main:Epoch:  21 || 500/921 || D_loss: 33.5292, G_loss: 1.1167, C_loss: 0.1390
INFO:main:Epoch:  21 || 600/921 || D_loss: 34.5841, G_loss: 0.8037, C_loss: 0.1202
INFO:main:Epoch:  21 || 700/921 || D_loss: 34.8904, G_loss: 0.5900, C_loss: 0.1503
INFO:main:Epoch:  21 || 800/921 || D_loss: 31.9903, G_loss: 1.1300, C_loss: 0.1352
INFO:main:Epoch:  21 || 900/921 || D_loss: 32.2879, G_loss: 0.6158, C_loss: 0.1360
INFO:main:
Pseudo tag || Accuracy: 58098/58944 (99%)

INFO:main:
Test set || Test loss: 0.0808 || Accuracy: 9849/10000 (98.4900%) || Best accuraccy: 0.9872

WARNING:imageio:Lossy conversion from float64 to uint8. Range [0, 1]. Convert image to uint8 prior to saving to suppress this warning.
INFO:main:Epoch: 22  || lrC: 0.1, lrD: 0.0002, lrG: 0.0002
INFO:main:Epoch:  22 || 100/921 || D_loss: 30.2128, G_loss: 1.9177, C_loss: 0.1234
INFO:main:Epoch:  22 || 200/921 || D_loss: 33.4938, G_loss: 1.3347, C_loss: 0.1384
INFO:main:Epoch:  22 || 300/921 || D_loss: 34.2674, G_loss: 1.4209, C_loss: 0.1455
INFO:main:Epoch:  22 || 400/921 || D_loss: 33.6133, G_loss: 0.5463, C_loss: 0.1336
INFO:main:Epoch:  22 || 500/921 || D_loss: 31.6563, G_loss: 0.8175, C_loss: 0.1360
INFO:main:Epoch:  22 || 600/921 || D_loss: 34.1906, G_loss: 1.1597, C_loss: 0.1326
INFO:main:Epoch:  22 || 700/921 || D_loss: 30.2092, G_loss: 1.1340, C_loss: 0.1229
INFO:main:Epoch:  22 || 800/921 || D_loss: 33.3911, G_loss: 0.5826, C_loss: 0.1053
INFO:main:Epoch:  22 || 900/921 || D_loss: 32.0789, G_loss: 0.5570, C_loss: 0.1623
INFO:main:
Pseudo tag || Accuracy: 58129/58944 (99%)

INFO:main:
Test set || Test loss: 0.1022 || Accuracy: 9822/10000 (98.2200%) || Best accuraccy: 0.9872

WARNING:imageio:Lossy conversion from float64 to uint8. Range [0, 1]. Convert image to uint8 prior to saving to suppress this warning.
INFO:main:Epoch: 23  || lrC: 0.1, lrD: 0.0002, lrG: 0.0002
INFO:main:Epoch:  23 || 100/921 || D_loss: 32.7036, G_loss: 1.1783, C_loss: 0.1252
INFO:main:Epoch:  23 || 200/921 || D_loss: 29.4843, G_loss: 0.8243, C_loss: 0.1493
INFO:main:Epoch:  23 || 300/921 || D_loss: 32.3505, G_loss: 0.6077, C_loss: 0.1135
INFO:main:Epoch:  23 || 400/921 || D_loss: 31.7314, G_loss: 0.8598, C_loss: 0.1457
INFO:main:Epoch:  23 || 500/921 || D_loss: 33.5141, G_loss: 0.0741, C_loss: 0.1271
INFO:main:Epoch:  23 || 600/921 || D_loss: 31.7963, G_loss: 0.8981, C_loss: 0.1230
INFO:main:Epoch:  23 || 700/921 || D_loss: 37.0159, G_loss: 0.0392, C_loss: 0.1964
INFO:main:Epoch:  23 || 800/921 || D_loss: 32.4572, G_loss: 0.8488, C_loss: 0.1346
INFO:main:Epoch:  23 || 900/921 || D_loss: 33.1515, G_loss: 0.3476, C_loss: 0.1298
INFO:main:
Pseudo tag || Accuracy: 58154/58944 (99%)

INFO:main:
Test set || Test loss: 0.0867 || Accuracy: 9843/10000 (98.4300%) || Best accuraccy: 0.9872

WARNING:imageio:Lossy conversion from float64 to uint8. Range [0, 1]. Convert image to uint8 prior to saving to suppress this warning.
INFO:main:Epoch: 24  || lrC: 0.1, lrD: 0.0002, lrG: 0.0002
INFO:main:Epoch:  24 || 100/921 || D_loss: 33.3102, G_loss: 0.8459, C_loss: 0.1123
INFO:main:Epoch:  24 || 200/921 || D_loss: 34.2179, G_loss: 1.1351, C_loss: 0.1867
INFO:main:Epoch:  24 || 300/921 || D_loss: 32.4449, G_loss: 0.8800, C_loss: 0.1697
INFO:main:Epoch:  24 || 400/921 || D_loss: 30.8548, G_loss: 0.5133, C_loss: 0.1367
INFO:main:Epoch:  24 || 500/921 || D_loss: 30.8798, G_loss: 0.3204, C_loss: 0.1235
INFO:main:Epoch:  24 || 600/921 || D_loss: 30.9542, G_loss: 1.6367, C_loss: 0.1261
INFO:main:Epoch:  24 || 700/921 || D_loss: 30.9316, G_loss: 0.6360, C_loss: 0.1409
INFO:main:Epoch:  24 || 800/921 || D_loss: 31.3503, G_loss: 0.5590, C_loss: 0.1446
INFO:main:Epoch:  24 || 900/921 || D_loss: 34.4688, G_loss: 0.6175, C_loss: 0.1897
INFO:main:
Pseudo tag || Accuracy: 58129/58944 (99%)

INFO:main:
Test set || Test loss: 0.1715 || Accuracy: 9732/10000 (97.3200%) || Best accuraccy: 0.9872

WARNING:imageio:Lossy conversion from float64 to uint8. Range [0, 1]. Convert image to uint8 prior to saving to suppress this warning.
INFO:main:Epoch: 25  || lrC: 0.1, lrD: 0.0002, lrG: 0.0002
INFO:main:Epoch:  25 || 100/921 || D_loss: 34.7921, G_loss: 1.1202, C_loss: 0.1126
INFO:main:Epoch:  25 || 200/921 || D_loss: 32.4229, G_loss: 1.0650, C_loss: 0.1696
INFO:main:Epoch:  25 || 300/921 || D_loss: 32.8052, G_loss: 0.3567, C_loss: 0.2061
INFO:main:Epoch:  25 || 400/921 || D_loss: 33.3853, G_loss: 0.6253, C_loss: 0.1010
INFO:main:Epoch:  25 || 500/921 || D_loss: 35.7017, G_loss: 0.3281, C_loss: 0.1150
INFO:main:Epoch:  25 || 600/921 || D_loss: 34.5065, G_loss: 0.3299, C_loss: 0.1104
INFO:main:Epoch:  25 || 700/921 || D_loss: 34.3746, G_loss: 0.6118, C_loss: 0.1397
INFO:main:Epoch:  25 || 800/921 || D_loss: 32.4503, G_loss: 1.4339, C_loss: 0.1593
INFO:main:Epoch:  25 || 900/921 || D_loss: 32.8061, G_loss: 1.4225, C_loss: 0.1340
INFO:main:
Pseudo tag || Accuracy: 58150/58944 (99%)

INFO:main:
Test set || Test loss: 0.1637 || Accuracy: 9703/10000 (97.0300%) || Best accuraccy: 0.9872

WARNING:imageio:Lossy conversion from float64 to uint8. Range [0, 1]. Convert image to uint8 prior to saving to suppress this warning.
INFO:main:Epoch: 26  || lrC: 0.1, lrD: 0.0002, lrG: 0.0002
INFO:main:Epoch:  26 || 100/921 || D_loss: 31.5059, G_loss: 0.8500, C_loss: 0.1186
INFO:main:Epoch:  26 || 200/921 || D_loss: 33.7570, G_loss: 1.3357, C_loss: 0.0845
INFO:main:Epoch:  26 || 300/921 || D_loss: 34.1047, G_loss: 0.6016, C_loss: 0.1522
INFO:main:Epoch:  26 || 400/921 || D_loss: 32.4258, G_loss: 0.6289, C_loss: 0.1089
INFO:main:Epoch:  26 || 500/921 || D_loss: 32.0813, G_loss: 1.3384, C_loss: 0.1134
INFO:main:Epoch:  26 || 600/921 || D_loss: 33.1685, G_loss: 1.1166, C_loss: 0.1328
INFO:main:Epoch:  26 || 700/921 || D_loss: 30.4492, G_loss: 0.5795, C_loss: 0.1184
INFO:main:Epoch:  26 || 800/921 || D_loss: 31.3289, G_loss: 1.3780, C_loss: 0.1072
INFO:main:Epoch:  26 || 900/921 || D_loss: 34.2418, G_loss: 0.6028, C_loss: 0.1129
INFO:main:
Pseudo tag || Accuracy: 58141/58944 (99%)

INFO:main:
Test set || Test loss: 0.1045 || Accuracy: 9813/10000 (98.1300%) || Best accuraccy: 0.9872

WARNING:imageio:Lossy conversion from float64 to uint8. Range [0, 1]. Convert image to uint8 prior to saving to suppress this warning.
INFO:main:Epoch: 27  || lrC: 0.1, lrD: 0.0002, lrG: 0.0002
INFO:main:Epoch:  27 || 100/921 || D_loss: 30.4677, G_loss: 0.3131, C_loss: 0.0962
INFO:main:Epoch:  27 || 200/921 || D_loss: 33.3676, G_loss: 0.3853, C_loss: 0.1158
INFO:main:Epoch:  27 || 300/921 || D_loss: 31.4556, G_loss: 0.5987, C_loss: 0.1248
INFO:main:Epoch:  27 || 400/921 || D_loss: 30.9577, G_loss: 1.1154, C_loss: 0.1016
INFO:main:Epoch:  27 || 500/921 || D_loss: 30.7900, G_loss: 1.1446, C_loss: 0.1074
INFO:main:Epoch:  27 || 600/921 || D_loss: 32.4663, G_loss: 1.4116, C_loss: 0.0902
INFO:main:Epoch:  27 || 700/921 || D_loss: 32.6687, G_loss: 0.8264, C_loss: 0.1043
INFO:main:Epoch:  27 || 800/921 || D_loss: 32.2270, G_loss: 1.6089, C_loss: 0.1111
INFO:main:Epoch:  27 || 900/921 || D_loss: 30.2942, G_loss: 1.0892, C_loss: 0.1357
INFO:main:
Pseudo tag || Accuracy: 58141/58944 (99%)

INFO:main:
Test set || Test loss: 0.0855 || Accuracy: 9840/10000 (98.4000%) || Best accuraccy: 0.9872

WARNING:imageio:Lossy conversion from float64 to uint8. Range [0, 1]. Convert image to uint8 prior to saving to suppress this warning.
INFO:main:Epoch: 28  || lrC: 0.1, lrD: 0.0002, lrG: 0.0002
INFO:main:Epoch:  28 || 100/921 || D_loss: 33.8007, G_loss: 0.8970, C_loss: 0.0979
INFO:main:Epoch:  28 || 200/921 || D_loss: 31.9011, G_loss: 1.3255, C_loss: 0.1305
INFO:main:Epoch:  28 || 300/921 || D_loss: 32.0327, G_loss: 1.3833, C_loss: 0.1077
INFO:main:Epoch:  28 || 400/921 || D_loss: 30.9470, G_loss: 1.7036, C_loss: 0.2093
INFO:main:Epoch:  28 || 500/921 || D_loss: 31.4968, G_loss: 1.8919, C_loss: 0.1125
INFO:main:Epoch:  28 || 600/921 || D_loss: 29.7909, G_loss: 1.4490, C_loss: 0.1621
INFO:main:Epoch:  28 || 700/921 || D_loss: 32.6202, G_loss: 1.6142, C_loss: 0.0929
INFO:main:Epoch:  28 || 800/921 || D_loss: 35.3488, G_loss: 0.6049, C_loss: 0.1179
INFO:main:Epoch:  28 || 900/921 || D_loss: 34.4465, G_loss: 0.6083, C_loss: 0.1065
INFO:main:
Pseudo tag || Accuracy: 58142/58944 (99%)

INFO:main:
Test set || Test loss: 0.2525 || Accuracy: 9566/10000 (95.6600%) || Best accuraccy: 0.9872

WARNING:imageio:Lossy conversion from float64 to uint8. Range [0, 1]. Convert image to uint8 prior to saving to suppress this warning.
INFO:main:Epoch: 29  || lrC: 0.1, lrD: 0.0002, lrG: 0.0002
INFO:main:Epoch:  29 || 100/921 || D_loss: 30.9686, G_loss: 0.8293, C_loss: 0.0851
INFO:main:Epoch:  29 || 200/921 || D_loss: 30.8751, G_loss: 1.9343, C_loss: 0.1112
INFO:main:Epoch:  29 || 300/921 || D_loss: 33.0189, G_loss: 1.8792, C_loss: 0.0757
INFO:main:Epoch:  29 || 400/921 || D_loss: 33.1694, G_loss: 1.2789, C_loss: 0.1174
INFO:main:Epoch:  29 || 500/921 || D_loss: 29.7286, G_loss: 1.6463, C_loss: 0.0846
INFO:main:Epoch:  29 || 600/921 || D_loss: 31.2946, G_loss: 1.5803, C_loss: 0.0766
INFO:main:Epoch:  29 || 700/921 || D_loss: 32.8988, G_loss: 0.9077, C_loss: 0.1344
INFO:main:Epoch:  29 || 800/921 || D_loss: 36.7484, G_loss: 0.8720, C_loss: 0.1033
INFO:main:Epoch:  29 || 900/921 || D_loss: 30.4579, G_loss: 0.3389, C_loss: 0.1123
INFO:main:
Pseudo tag || Accuracy: 58166/58944 (99%)

INFO:main:
Test set || Test loss: 0.0722 || Accuracy: 9836/10000 (98.3600%) || Best accuraccy: 0.9872

WARNING:imageio:Lossy conversion from float64 to uint8. Range [0, 1]. Convert image to uint8 prior to saving to suppress this warning.
INFO:main:Epoch: 30  || lrC: 0.1, lrD: 0.0002, lrG: 0.0002
INFO:main:Epoch:  30 || 100/921 || D_loss: 33.5140, G_loss: 1.0873, C_loss: 0.0877
INFO:main:Epoch:  30 || 200/921 || D_loss: 32.9987, G_loss: 0.3572, C_loss: 0.1247
INFO:main:Epoch:  30 || 300/921 || D_loss: 33.7043, G_loss: 1.5980, C_loss: 0.0858
INFO:main:Epoch:  30 || 400/921 || D_loss: 33.4054, G_loss: 1.1621, C_loss: 0.0871
INFO:main:Epoch:  30 || 500/921 || D_loss: 33.0695, G_loss: 0.5972, C_loss: 0.0989
INFO:main:Epoch:  30 || 600/921 || D_loss: 34.8707, G_loss: 0.6130, C_loss: 0.0845
INFO:main:Epoch:  30 || 700/921 || D_loss: 30.3625, G_loss: 1.7028, C_loss: 0.0713
INFO:main:Epoch:  30 || 800/921 || D_loss: 33.4538, G_loss: 0.6605, C_loss: 0.2482
INFO:main:Epoch:  30 || 900/921 || D_loss: 32.5535, G_loss: 1.3859, C_loss: 0.1088
INFO:main:
Pseudo tag || Accuracy: 58165/58944 (99%)

INFO:main:
Test set || Test loss: 0.0933 || Accuracy: 9803/10000 (98.0300%) || Best accuraccy: 0.9872

WARNING:imageio:Lossy conversion from float64 to uint8. Range [0, 1]. Convert image to uint8 prior to saving to suppress this warning.
INFO:main:Epoch: 31  || lrC: 0.1, lrD: 0.0002, lrG: 0.0002
INFO:main:Epoch:  31 || 100/921 || D_loss: 32.2842, G_loss: 0.8768, C_loss: 0.1027
INFO:main:Epoch:  31 || 200/921 || D_loss: 33.5457, G_loss: 0.6193, C_loss: 0.1248
INFO:main:Epoch:  31 || 300/921 || D_loss: 33.5576, G_loss: 1.7245, C_loss: 0.1127
INFO:main:Epoch:  31 || 400/921 || D_loss: 31.8625, G_loss: 1.1771, C_loss: 0.0894
INFO:main:Epoch:  31 || 500/921 || D_loss: 30.3041, G_loss: 1.4402, C_loss: 0.0897
INFO:main:Epoch:  31 || 600/921 || D_loss: 31.2584, G_loss: 1.9506, C_loss: 0.1211
INFO:main:Epoch:  31 || 700/921 || D_loss: 31.0994, G_loss: 1.6821, C_loss: 0.1181
INFO:main:Epoch:  31 || 800/921 || D_loss: 31.4593, G_loss: 1.3864, C_loss: 0.0895
INFO:main:Epoch:  31 || 900/921 || D_loss: 31.7194, G_loss: 0.8690, C_loss: 0.1051
INFO:main:
Pseudo tag || Accuracy: 58177/58944 (99%)

INFO:main:
Test set || Test loss: 0.1179 || Accuracy: 9790/10000 (97.9000%) || Best accuraccy: 0.9872

WARNING:imageio:Lossy conversion from float64 to uint8. Range [0, 1]. Convert image to uint8 prior to saving to suppress this warning.
INFO:main:Epoch: 32  || lrC: 0.1, lrD: 0.0002, lrG: 0.0002
INFO:main:Epoch:  32 || 100/921 || D_loss: 30.3367, G_loss: 2.4933, C_loss: 0.0894
INFO:main:Epoch:  32 || 200/921 || D_loss: 28.9109, G_loss: 1.1342, C_loss: 0.0747
INFO:main:Epoch:  32 || 300/921 || D_loss: 30.2681, G_loss: 1.3833, C_loss: 0.1017
INFO:main:Epoch:  32 || 400/921 || D_loss: 29.0238, G_loss: 0.8431, C_loss: 0.0716
INFO:main:Epoch:  32 || 500/921 || D_loss: 30.5283, G_loss: 0.8603, C_loss: 0.1098
INFO:main:Epoch:  32 || 600/921 || D_loss: 28.1793, G_loss: 1.0434, C_loss: 0.0801
INFO:main:Epoch:  32 || 700/921 || D_loss: 32.4512, G_loss: 0.7990, C_loss: 0.1261
INFO:main:Epoch:  32 || 800/921 || D_loss: 34.9575, G_loss: 0.8104, C_loss: 0.1034
INFO:main:Epoch:  32 || 900/921 || D_loss: 34.8432, G_loss: 0.1151, C_loss: 0.0972
INFO:main:
Pseudo tag || Accuracy: 58181/58944 (99%)

INFO:main:
Test set || Test loss: 0.1312 || Accuracy: 9776/10000 (97.7600%) || Best accuraccy: 0.9872

WARNING:imageio:Lossy conversion from float64 to uint8. Range [0, 1]. Convert image to uint8 prior to saving to suppress this warning.
INFO:main:Epoch: 33  || lrC: 0.1, lrD: 0.0002, lrG: 0.0002
INFO:main:Epoch:  33 || 100/921 || D_loss: 38.8456, G_loss: 0.5950, C_loss: 0.0913
INFO:main:Epoch:  33 || 200/921 || D_loss: 34.6397, G_loss: 0.6111, C_loss: 0.1075
INFO:main:Epoch:  33 || 300/921 || D_loss: 28.8474, G_loss: 0.5900, C_loss: 0.0725
INFO:main:Epoch:  33 || 400/921 || D_loss: 34.6302, G_loss: 0.3576, C_loss: 0.0956
INFO:main:Epoch:  33 || 500/921 || D_loss: 30.9069, G_loss: 1.4649, C_loss: 0.1213
INFO:main:Epoch:  33 || 600/921 || D_loss: 31.3486, G_loss: 1.3076, C_loss: 0.0830
INFO:main:Epoch:  33 || 700/921 || D_loss: 32.9571, G_loss: 1.0695, C_loss: 0.0806
INFO:main:Epoch:  33 || 800/921 || D_loss: 35.6898, G_loss: 0.1048, C_loss: 0.0958
INFO:main:Epoch:  33 || 900/921 || D_loss: 32.5463, G_loss: 0.1058, C_loss: 0.0884
INFO:main:
Pseudo tag || Accuracy: 58175/58944 (99%)

INFO:main:
Test set || Test loss: 0.0961 || Accuracy: 9830/10000 (98.3000%) || Best accuraccy: 0.9872

WARNING:imageio:Lossy conversion from float64 to uint8. Range [0, 1]. Convert image to uint8 prior to saving to suppress this warning.
INFO:main:Epoch: 34  || lrC: 0.1, lrD: 0.0002, lrG: 0.0002
INFO:main:Epoch:  34 || 100/921 || D_loss: 30.1539, G_loss: 1.4067, C_loss: 0.0625
INFO:main:Epoch:  34 || 200/921 || D_loss: 33.4057, G_loss: 0.9240, C_loss: 0.0635
INFO:main:Epoch:  34 || 300/921 || D_loss: 34.7075, G_loss: 0.5806, C_loss: 0.1057
INFO:main:Epoch:  34 || 400/921 || D_loss: 32.2887, G_loss: 1.0770, C_loss: 0.1026
INFO:main:Epoch:  34 || 500/921 || D_loss: 35.3522, G_loss: 0.6470, C_loss: 0.0670
INFO:main:Epoch:  34 || 600/921 || D_loss: 32.2104, G_loss: 1.4049, C_loss: 0.0753
INFO:main:Epoch:  34 || 700/921 || D_loss: 31.9798, G_loss: 1.1160, C_loss: 0.0780
INFO:main:Epoch:  34 || 800/921 || D_loss: 31.9802, G_loss: 0.3156, C_loss: 0.1001
INFO:main:Epoch:  34 || 900/921 || D_loss: 31.0748, G_loss: 1.3766, C_loss: 0.0857
INFO:main:
Pseudo tag || Accuracy: 58186/58944 (99%)

INFO:main:
Test set || Test loss: 0.0649 || Accuracy: 9857/10000 (98.5700%) || Best accuraccy: 0.9872

WARNING:imageio:Lossy conversion from float64 to uint8. Range [0, 1]. Convert image to uint8 prior to saving to suppress this warning.
INFO:main:Epoch: 35  || lrC: 0.1, lrD: 0.0002, lrG: 0.0002
INFO:main:Epoch:  35 || 100/921 || D_loss: 31.5538, G_loss: 0.3563, C_loss: 0.0728
INFO:main:Epoch:  35 || 200/921 || D_loss: 30.3700, G_loss: 1.6775, C_loss: 0.0564
INFO:main:Epoch:  35 || 300/921 || D_loss: 29.4291, G_loss: 1.9697, C_loss: 0.0693
INFO:main:Epoch:  35 || 400/921 || D_loss: 31.1204, G_loss: 0.8772, C_loss: 0.1337
INFO:main:Epoch:  35 || 500/921 || D_loss: 34.7057, G_loss: 0.8685, C_loss: 0.0993
INFO:main:Epoch:  35 || 600/921 || D_loss: 32.5996, G_loss: 0.9121, C_loss: 0.0957
INFO:main:Epoch:  35 || 700/921 || D_loss: 32.7837, G_loss: 0.1082, C_loss: 0.0653
INFO:main:Epoch:  35 || 800/921 || D_loss: 36.6855, G_loss: 0.3171, C_loss: 0.0992
INFO:main:Epoch:  35 || 900/921 || D_loss: 32.0067, G_loss: 1.0536, C_loss: 0.0921
INFO:main:
Pseudo tag || Accuracy: 58174/58944 (99%)

INFO:main:
Test set || Test loss: 0.1279 || Accuracy: 9769/10000 (97.6900%) || Best accuraccy: 0.9872

WARNING:imageio:Lossy conversion from float64 to uint8. Range [0, 1]. Convert image to uint8 prior to saving to suppress this warning.
INFO:main:Epoch: 36  || lrC: 0.1, lrD: 0.0002, lrG: 0.0002
INFO:main:Epoch:  36 || 100/921 || D_loss: 35.4114, G_loss: 0.5159, C_loss: 0.0669
INFO:main:Epoch:  36 || 200/921 || D_loss: 34.2430, G_loss: 0.8955, C_loss: 0.0806
INFO:main:Epoch:  36 || 300/921 || D_loss: 36.1098, G_loss: 0.1187, C_loss: 0.0776
INFO:main:Epoch:  36 || 400/921 || D_loss: 37.1468, G_loss: 0.6392, C_loss: 0.0870
INFO:main:Epoch:  36 || 500/921 || D_loss: 36.1362, G_loss: 0.8761, C_loss: 0.0654
INFO:main:Epoch:  36 || 600/921 || D_loss: 38.3815, G_loss: 0.1185, C_loss: 0.0524
INFO:main:Epoch:  36 || 700/921 || D_loss: 28.4324, G_loss: 1.6251, C_loss: 0.0907
INFO:main:Epoch:  36 || 800/921 || D_loss: 35.8551, G_loss: 0.1147, C_loss: 0.0891
INFO:main:Epoch:  36 || 900/921 || D_loss: 31.0957, G_loss: 0.8934, C_loss: 0.0740
INFO:main:
Pseudo tag || Accuracy: 58181/58944 (99%)

INFO:main:
Test set || Test loss: 0.0780 || Accuracy: 9845/10000 (98.4500%) || Best accuraccy: 0.9872

WARNING:imageio:Lossy conversion from float64 to uint8. Range [0, 1]. Convert image to uint8 prior to saving to suppress this warning.
INFO:main:Epoch: 37  || lrC: 0.1, lrD: 0.0002, lrG: 0.0002
INFO:main:Epoch:  37 || 100/921 || D_loss: 31.0378, G_loss: 1.6267, C_loss: 0.0684
INFO:main:Epoch:  37 || 200/921 || D_loss: 36.9704, G_loss: 1.0259, C_loss: 0.0854
INFO:main:Epoch:  37 || 300/921 || D_loss: 31.3616, G_loss: 1.6938, C_loss: 0.0588
INFO:main:Epoch:  37 || 400/921 || D_loss: 34.3497, G_loss: 0.8469, C_loss: 0.1118
INFO:main:Epoch:  37 || 500/921 || D_loss: 33.2665, G_loss: 0.5975, C_loss: 0.0632
INFO:main:Epoch:  37 || 600/921 || D_loss: 35.2124, G_loss: 0.3620, C_loss: 0.0806
INFO:main:Epoch:  37 || 700/921 || D_loss: 38.7507, G_loss: 0.3831, C_loss: 0.0894
INFO:main:Epoch:  37 || 800/921 || D_loss: 34.5627, G_loss: 1.0918, C_loss: 0.0837
INFO:main:Epoch:  37 || 900/921 || D_loss: 30.2005, G_loss: 1.3513, C_loss: 0.0788
INFO:main:
Pseudo tag || Accuracy: 58181/58944 (99%)

INFO:main:
Test set || Test loss: 0.0857 || Accuracy: 9833/10000 (98.3300%) || Best accuraccy: 0.9872

WARNING:imageio:Lossy conversion from float64 to uint8. Range [0, 1]. Convert image to uint8 prior to saving to suppress this warning.
INFO:main:Epoch: 38  || lrC: 0.1, lrD: 0.0002, lrG: 0.0002
INFO:main:Epoch:  38 || 100/921 || D_loss: 30.8247, G_loss: 1.0468, C_loss: 0.0960
INFO:main:Epoch:  38 || 200/921 || D_loss: 31.8277, G_loss: 0.9309, C_loss: 0.1059
INFO:main:Epoch:  38 || 300/921 || D_loss: 32.2923, G_loss: 1.6184, C_loss: 0.0759
INFO:main:Epoch:  38 || 400/921 || D_loss: 30.3803, G_loss: 1.7271, C_loss: 0.0990
INFO:main:Epoch:  38 || 500/921 || D_loss: 29.8041, G_loss: 0.6465, C_loss: 0.0607
INFO:main:Epoch:  38 || 600/921 || D_loss: 33.9418, G_loss: 0.8499, C_loss: 0.0985
INFO:main:Epoch:  38 || 700/921 || D_loss: 34.8588, G_loss: 0.8352, C_loss: 0.0732
INFO:main:Epoch:  38 || 800/921 || D_loss: 33.8763, G_loss: 0.8821, C_loss: 0.1101
INFO:main:Epoch:  38 || 900/921 || D_loss: 29.4662, G_loss: 0.9124, C_loss: 0.0716
INFO:main:
Pseudo tag || Accuracy: 58175/58944 (99%)

INFO:main:
Test set || Test loss: 0.1824 || Accuracy: 9696/10000 (96.9600%) || Best accuraccy: 0.9872

WARNING:imageio:Lossy conversion from float64 to uint8. Range [0, 1]. Convert image to uint8 prior to saving to suppress this warning.
INFO:main:Epoch: 39  || lrC: 0.1, lrD: 0.0002, lrG: 0.0002
INFO:main:Epoch:  39 || 100/921 || D_loss: 31.8825, G_loss: 0.3939, C_loss: 0.0756
INFO:main:Epoch:  39 || 200/921 || D_loss: 32.1975, G_loss: 0.8734, C_loss: 0.1092
INFO:main:Epoch:  39 || 300/921 || D_loss: 31.2685, G_loss: 0.6666, C_loss: 0.0559
INFO:main:Epoch:  39 || 400/921 || D_loss: 35.6784, G_loss: 0.6429, C_loss: 0.0752
INFO:main:Epoch:  39 || 500/921 || D_loss: 29.5416, G_loss: 0.8162, C_loss: 0.0757
INFO:main:Epoch:  39 || 600/921 || D_loss: 35.1853, G_loss: 1.1358, C_loss: 0.1357
INFO:main:Epoch:  39 || 700/921 || D_loss: 34.7042, G_loss: 0.8560, C_loss: 0.0803
INFO:main:Epoch:  39 || 800/921 || D_loss: 33.6849, G_loss: 1.1343, C_loss: 0.0830
INFO:main:Epoch:  39 || 900/921 || D_loss: 31.7886, G_loss: 0.8286, C_loss: 0.0726
INFO:main:
Pseudo tag || Accuracy: 58169/58944 (99%)

INFO:main:
Test set || Test loss: 0.0688 || Accuracy: 9868/10000 (98.6800%) || Best accuraccy: 0.9872

WARNING:imageio:Lossy conversion from float64 to uint8. Range [0, 1]. Convert image to uint8 prior to saving to suppress this warning.
INFO:main:Epoch: 40  || lrC: 0.1, lrD: 0.0002, lrG: 0.0002
INFO:main:Epoch:  40 || 100/921 || D_loss: 33.8216, G_loss: 0.6316, C_loss: 0.0690
INFO:main:Epoch:  40 || 200/921 || D_loss: 32.4452, G_loss: 1.3463, C_loss: 0.0558
INFO:main:Epoch:  40 || 300/921 || D_loss: 36.3169, G_loss: 0.5704, C_loss: 0.0692
INFO:main:Epoch:  40 || 400/921 || D_loss: 31.7728, G_loss: 0.9364, C_loss: 0.0619
INFO:main:Epoch:  40 || 500/921 || D_loss: 31.7528, G_loss: 0.9103, C_loss: 0.0734
INFO:main:Epoch:  40 || 600/921 || D_loss: 33.7586, G_loss: 0.6860, C_loss: 0.0534
INFO:main:Epoch:  40 || 700/921 || D_loss: 35.5024, G_loss: 0.3927, C_loss: 0.0865
INFO:main:Epoch:  40 || 800/921 || D_loss: 34.8418, G_loss: 1.1122, C_loss: 0.2552
INFO:main:Epoch:  40 || 900/921 || D_loss: 33.0882, G_loss: 1.0820, C_loss: 0.0932
INFO:main:
Pseudo tag || Accuracy: 58162/58944 (99%)

INFO:main:
Test set || Test loss: 0.0715 || Accuracy: 9846/10000 (98.4600%) || Best accuraccy: 0.9872

WARNING:imageio:Lossy conversion from float64 to uint8. Range [0, 1]. Convert image to uint8 prior to saving to suppress this warning.
INFO:main:Average one epoch time: 200.33, total 40 epochs time: 8014.47
