INFO:main:Start training at 2023-03-15_04:19:05
INFO:main:args: Namespace(device='cuda', acc_time='acc_time', generated_images_dir='generated_images', benchmark_mode=True, mode='rmlsoftmax', batch_size=64, input_size=28, z_dim=64, lrC=0.1, lrD=0.0002, lrG=0.0002, momentum=0.5, beta1=0.5, beta2=0.999, scheduler=False, m=4.0, s=10.0, index=1, num_epoch=40, num_labels=1000, alpha=0.9, checkpoint_epochs=1, num_samples=100, resume='', labels='uniform_labels/1000/1.txt')
INFO:main:Let's use 2 GPUs!
INFO:main:Labeled size: 1000, Unlabeled size: 49000
INFO:main:Epoch: 1  || lrC: 0.1, lrD: 0.0002, lrG: 0.0002
INFO:main:Training C to archieve at least 0.93 accuracy
INFO:main:Test loss: 2.3070 || Accuracy: 2977/10000 (30%)

INFO:main:Test loss: 2.2232 || Accuracy: 5405/10000 (54%)

INFO:main:Test loss: 1.1330 || Accuracy: 5589/10000 (56%)

INFO:main:Test loss: 0.4880 || Accuracy: 8508/10000 (85%)

INFO:main:Test loss: 0.4109 || Accuracy: 8698/10000 (87%)

INFO:main:Test loss: 0.2708 || Accuracy: 9188/10000 (92%)

INFO:main:Test loss: 0.2398 || Accuracy: 9323/10000 (93%)

INFO:main:Epoch:   1 || 100/921 || D_loss: 0.0000, G_loss: 9.6093, C_loss: 0.2512
INFO:main:Epoch:   1 || 200/921 || D_loss: 0.0000, G_loss: 9.7315, C_loss: 0.1524
INFO:main:Epoch:   1 || 300/921 || D_loss: 0.0000, G_loss: 9.8623, C_loss: 0.2172
INFO:main:Epoch:   1 || 400/921 || D_loss: 0.0000, G_loss: 9.8866, C_loss: 0.2230
INFO:main:Epoch:   1 || 500/921 || D_loss: 0.0000, G_loss: 9.8774, C_loss: 0.2582
INFO:main:Epoch:   1 || 600/921 || D_loss: 0.0000, G_loss: 9.7744, C_loss: 0.2008
INFO:main:Epoch:   1 || 700/921 || D_loss: 0.0000, G_loss: 10.0315, C_loss: 0.1503
INFO:main:Epoch:   1 || 800/921 || D_loss: 0.0000, G_loss: 9.9325, C_loss: 0.1826
INFO:main:Epoch:   1 || 900/921 || D_loss: 0.0000, G_loss: 9.9383, C_loss: 0.1573
INFO:main:
Pseudo tag || Accuracy: 56982/58944 (97%)

INFO:main:
Test set || Test loss: 0.0606 || Accuracy: 9853/10000 (98.5300%) || Best accuraccy: 0.9853

WARNING:imageio:Lossy conversion from float64 to uint8. Range [0, 1]. Convert image to uint8 prior to saving to suppress this warning.
INFO:main:Epoch: 2  || lrC: 0.1, lrD: 0.0002, lrG: 0.0002
INFO:main:Epoch:   2 || 100/921 || D_loss: 0.0000, G_loss: 9.9174, C_loss: 0.2236
INFO:main:Epoch:   2 || 200/921 || D_loss: 26.6712, G_loss: 0.0466, C_loss: 0.2035
INFO:main:Epoch:   2 || 300/921 || D_loss: 26.0289, G_loss: 0.0419, C_loss: 0.2010
INFO:main:Epoch:   2 || 400/921 || D_loss: 23.7971, G_loss: 0.0360, C_loss: 0.2474
INFO:main:Epoch:   2 || 500/921 || D_loss: 30.5692, G_loss: 0.0406, C_loss: 0.2332
INFO:main:Epoch:   2 || 600/921 || D_loss: 28.8942, G_loss: 0.0428, C_loss: 0.2326
INFO:main:Epoch:   2 || 700/921 || D_loss: 28.5428, G_loss: 0.0493, C_loss: 0.1929
INFO:main:Epoch:   2 || 800/921 || D_loss: 28.0978, G_loss: 0.0512, C_loss: 0.2158
INFO:main:Epoch:   2 || 900/921 || D_loss: 30.4112, G_loss: 0.0305, C_loss: 0.2315
INFO:main:
Pseudo tag || Accuracy: 57813/58944 (98%)

INFO:main:
Test set || Test loss: 0.0781 || Accuracy: 9846/10000 (98.4600%) || Best accuraccy: 0.9853

WARNING:imageio:Lossy conversion from float64 to uint8. Range [0, 1]. Convert image to uint8 prior to saving to suppress this warning.
INFO:main:Epoch: 3  || lrC: 0.1, lrD: 0.0002, lrG: 0.0002
INFO:main:Epoch:   3 || 100/921 || D_loss: 28.1521, G_loss: 0.0384, C_loss: 0.2108
INFO:main:Epoch:   3 || 200/921 || D_loss: 26.0840, G_loss: 0.0432, C_loss: 0.2331
INFO:main:Epoch:   3 || 300/921 || D_loss: 27.5774, G_loss: 0.0396, C_loss: 0.2204
INFO:main:Epoch:   3 || 400/921 || D_loss: 25.9065, G_loss: 0.0476, C_loss: 0.1986
INFO:main:Epoch:   3 || 500/921 || D_loss: 27.7647, G_loss: 0.0597, C_loss: 0.1626
INFO:main:Epoch:   3 || 600/921 || D_loss: 25.8433, G_loss: 0.0445, C_loss: 0.1792
INFO:main:Epoch:   3 || 700/921 || D_loss: 24.7789, G_loss: 0.0421, C_loss: 0.2155
INFO:main:Epoch:   3 || 800/921 || D_loss: 21.0282, G_loss: 0.0359, C_loss: 0.2178
INFO:main:Epoch:   3 || 900/921 || D_loss: 21.0056, G_loss: 0.0424, C_loss: 0.1966
INFO:main:
Pseudo tag || Accuracy: 57967/58944 (98%)

INFO:main:
Test set || Test loss: 0.0897 || Accuracy: 9841/10000 (98.4100%) || Best accuraccy: 0.9853

WARNING:imageio:Lossy conversion from float64 to uint8. Range [0, 1]. Convert image to uint8 prior to saving to suppress this warning.
INFO:main:Epoch: 4  || lrC: 0.1, lrD: 0.0002, lrG: 0.0002
INFO:main:Epoch:   4 || 100/921 || D_loss: 29.8741, G_loss: 0.0385, C_loss: 0.2387
INFO:main:Epoch:   4 || 200/921 || D_loss: 25.8257, G_loss: 0.0445, C_loss: 0.2216
INFO:main:Epoch:   4 || 300/921 || D_loss: 24.9852, G_loss: 0.0482, C_loss: 0.2028
INFO:main:Epoch:   4 || 400/921 || D_loss: 24.6921, G_loss: 0.0422, C_loss: 0.2356
INFO:main:Epoch:   4 || 500/921 || D_loss: 23.1845, G_loss: 0.0324, C_loss: 0.2127
INFO:main:Epoch:   4 || 600/921 || D_loss: 25.1348, G_loss: 0.0455, C_loss: 0.2174
INFO:main:Epoch:   4 || 700/921 || D_loss: 25.4329, G_loss: 0.0546, C_loss: 0.2140
INFO:main:Epoch:   4 || 800/921 || D_loss: 23.8295, G_loss: 0.0453, C_loss: 0.1973
INFO:main:Epoch:   4 || 900/921 || D_loss: 26.0368, G_loss: 0.0426, C_loss: 0.2096
INFO:main:
Pseudo tag || Accuracy: 57932/58944 (98%)

INFO:main:
Test set || Test loss: 0.1266 || Accuracy: 9748/10000 (97.4800%) || Best accuraccy: 0.9853

WARNING:imageio:Lossy conversion from float64 to uint8. Range [0, 1]. Convert image to uint8 prior to saving to suppress this warning.
INFO:main:Epoch: 5  || lrC: 0.1, lrD: 0.0002, lrG: 0.0002
INFO:main:Epoch:   5 || 100/921 || D_loss: 28.3305, G_loss: 0.0417, C_loss: 0.2379
INFO:main:Epoch:   5 || 200/921 || D_loss: 22.0824, G_loss: 0.0425, C_loss: 0.2233
INFO:main:Epoch:   5 || 300/921 || D_loss: 23.7092, G_loss: 0.0418, C_loss: 0.2563
INFO:main:Epoch:   5 || 400/921 || D_loss: 22.6348, G_loss: 0.0466, C_loss: 0.1971
INFO:main:Epoch:   5 || 500/921 || D_loss: 29.3347, G_loss: 0.0370, C_loss: 0.2507
INFO:main:Epoch:   5 || 600/921 || D_loss: 21.1283, G_loss: 0.0370, C_loss: 0.2080
INFO:main:Epoch:   5 || 700/921 || D_loss: 27.2721, G_loss: 0.0431, C_loss: 0.2091
INFO:main:Epoch:   5 || 800/921 || D_loss: 23.0705, G_loss: 0.0441, C_loss: 0.2473
INFO:main:Epoch:   5 || 900/921 || D_loss: 25.7620, G_loss: 0.0404, C_loss: 0.1937
INFO:main:
Pseudo tag || Accuracy: 57933/58944 (98%)

INFO:main:
Test set || Test loss: 0.0668 || Accuracy: 9878/10000 (98.7800%) || Best accuraccy: 0.9878

WARNING:imageio:Lossy conversion from float64 to uint8. Range [0, 1]. Convert image to uint8 prior to saving to suppress this warning.
INFO:main:Epoch: 6  || lrC: 0.1, lrD: 0.0002, lrG: 0.0002
INFO:main:Epoch:   6 || 100/921 || D_loss: 27.1986, G_loss: 0.0492, C_loss: 0.2055
INFO:main:Epoch:   6 || 200/921 || D_loss: 24.9107, G_loss: 0.0427, C_loss: 0.2006
INFO:main:Epoch:   6 || 300/921 || D_loss: 22.2057, G_loss: 0.0404, C_loss: 0.2131
INFO:main:Epoch:   6 || 400/921 || D_loss: 26.1508, G_loss: 0.0377, C_loss: 0.2309
INFO:main:Epoch:   6 || 500/921 || D_loss: 25.7724, G_loss: 0.0466, C_loss: 0.2074
INFO:main:Epoch:   6 || 600/921 || D_loss: 23.7585, G_loss: 0.0487, C_loss: 0.2108
INFO:main:Epoch:   6 || 700/921 || D_loss: 24.6471, G_loss: 0.0428, C_loss: 0.1919
INFO:main:Epoch:   6 || 800/921 || D_loss: 29.0821, G_loss: 0.0404, C_loss: 0.2053
INFO:main:Epoch:   6 || 900/921 || D_loss: 25.1658, G_loss: 0.0470, C_loss: 0.2185
INFO:main:
Pseudo tag || Accuracy: 57972/58944 (98%)

INFO:main:
Test set || Test loss: 0.1017 || Accuracy: 9816/10000 (98.1600%) || Best accuraccy: 0.9878

WARNING:imageio:Lossy conversion from float64 to uint8. Range [0, 1]. Convert image to uint8 prior to saving to suppress this warning.
INFO:main:Epoch: 7  || lrC: 0.1, lrD: 0.0002, lrG: 0.0002
INFO:main:Epoch:   7 || 100/921 || D_loss: 20.9667, G_loss: 0.0500, C_loss: 0.2241
INFO:main:Epoch:   7 || 200/921 || D_loss: 23.6951, G_loss: 0.0503, C_loss: 0.1927
INFO:main:Epoch:   7 || 300/921 || D_loss: 23.5407, G_loss: 0.0474, C_loss: 0.1855
INFO:main:Epoch:   7 || 400/921 || D_loss: 20.8369, G_loss: 0.0399, C_loss: 0.2278
INFO:main:Epoch:   7 || 500/921 || D_loss: 28.3964, G_loss: 0.0436, C_loss: 0.2394
INFO:main:Epoch:   7 || 600/921 || D_loss: 21.7250, G_loss: 0.0490, C_loss: 0.2290
INFO:main:Epoch:   7 || 700/921 || D_loss: 20.6818, G_loss: 0.0545, C_loss: 0.1794
INFO:main:Epoch:   7 || 800/921 || D_loss: 20.5499, G_loss: 0.0338, C_loss: 0.2604
INFO:main:Epoch:   7 || 900/921 || D_loss: 27.1452, G_loss: 0.0368, C_loss: 0.2523
INFO:main:
Pseudo tag || Accuracy: 57921/58944 (98%)

INFO:main:
Test set || Test loss: 0.1092 || Accuracy: 9842/10000 (98.4200%) || Best accuraccy: 0.9878

WARNING:imageio:Lossy conversion from float64 to uint8. Range [0, 1]. Convert image to uint8 prior to saving to suppress this warning.
INFO:main:Epoch: 8  || lrC: 0.1, lrD: 0.0002, lrG: 0.0002
INFO:main:Epoch:   8 || 100/921 || D_loss: 25.8522, G_loss: 0.0525, C_loss: 0.1893
INFO:main:Epoch:   8 || 200/921 || D_loss: 22.2185, G_loss: 0.0488, C_loss: 0.2291
INFO:main:Epoch:   8 || 300/921 || D_loss: 24.3812, G_loss: 0.0345, C_loss: 0.2569
INFO:main:Epoch:   8 || 400/921 || D_loss: 25.0069, G_loss: 0.0347, C_loss: 0.2386
INFO:main:Epoch:   8 || 500/921 || D_loss: 28.4605, G_loss: 0.0513, C_loss: 0.2041
INFO:main:Epoch:   8 || 600/921 || D_loss: 19.6441, G_loss: 0.0419, C_loss: 0.2114
INFO:main:Epoch:   8 || 700/921 || D_loss: 27.8128, G_loss: 0.0398, C_loss: 0.2080
INFO:main:Epoch:   8 || 800/921 || D_loss: 23.3561, G_loss: 0.0541, C_loss: 0.1853
INFO:main:Epoch:   8 || 900/921 || D_loss: 23.6602, G_loss: 0.0353, C_loss: 0.1925
INFO:main:
Pseudo tag || Accuracy: 57931/58944 (98%)

INFO:main:
Test set || Test loss: 0.1099 || Accuracy: 9835/10000 (98.3500%) || Best accuraccy: 0.9878

WARNING:imageio:Lossy conversion from float64 to uint8. Range [0, 1]. Convert image to uint8 prior to saving to suppress this warning.
INFO:main:Epoch: 9  || lrC: 0.1, lrD: 0.0002, lrG: 0.0002
INFO:main:Epoch:   9 || 100/921 || D_loss: 26.5958, G_loss: 0.0506, C_loss: 0.1953
INFO:main:Epoch:   9 || 200/921 || D_loss: 25.0146, G_loss: 0.0466, C_loss: 0.2159
INFO:main:Epoch:   9 || 300/921 || D_loss: 20.8558, G_loss: 0.0439, C_loss: 0.1859
INFO:main:Epoch:   9 || 400/921 || D_loss: 21.8131, G_loss: 0.0507, C_loss: 0.1820
INFO:main:Epoch:   9 || 500/921 || D_loss: 23.7533, G_loss: 0.0554, C_loss: 0.1757
INFO:main:Epoch:   9 || 600/921 || D_loss: 21.3914, G_loss: 0.0530, C_loss: 0.1740
INFO:main:Epoch:   9 || 700/921 || D_loss: 25.6330, G_loss: 0.0430, C_loss: 0.1864
INFO:main:Epoch:   9 || 800/921 || D_loss: 20.6187, G_loss: 0.0447, C_loss: 0.1936
INFO:main:Epoch:   9 || 900/921 || D_loss: 24.9035, G_loss: 0.0336, C_loss: 0.2150
INFO:main:
Pseudo tag || Accuracy: 57930/58944 (98%)

INFO:main:
Test set || Test loss: 0.0920 || Accuracy: 9860/10000 (98.6000%) || Best accuraccy: 0.9878

WARNING:imageio:Lossy conversion from float64 to uint8. Range [0, 1]. Convert image to uint8 prior to saving to suppress this warning.
INFO:main:Epoch: 10  || lrC: 0.1, lrD: 0.0002, lrG: 0.0002
INFO:main:Epoch:  10 || 100/921 || D_loss: 26.6207, G_loss: 0.0334, C_loss: 0.2203
INFO:main:Epoch:  10 || 200/921 || D_loss: 20.4334, G_loss: 0.0546, C_loss: 0.2206
INFO:main:Epoch:  10 || 300/921 || D_loss: 22.9754, G_loss: 0.0537, C_loss: 0.2015
INFO:main:Epoch:  10 || 400/921 || D_loss: 19.6883, G_loss: 0.0549, C_loss: 0.1971
INFO:main:Epoch:  10 || 500/921 || D_loss: 28.2046, G_loss: 0.0463, C_loss: 0.2001
INFO:main:Epoch:  10 || 600/921 || D_loss: 18.8996, G_loss: 0.0448, C_loss: 0.1896
INFO:main:Epoch:  10 || 700/921 || D_loss: 19.8115, G_loss: 0.0665, C_loss: 0.1663
INFO:main:Epoch:  10 || 800/921 || D_loss: 22.8071, G_loss: 0.0399, C_loss: 0.2005
INFO:main:Epoch:  10 || 900/921 || D_loss: 26.8036, G_loss: 0.0523, C_loss: 0.2007
INFO:main:
Pseudo tag || Accuracy: 57934/58944 (98%)

INFO:main:
Test set || Test loss: 0.1190 || Accuracy: 9806/10000 (98.0600%) || Best accuraccy: 0.9878

WARNING:imageio:Lossy conversion from float64 to uint8. Range [0, 1]. Convert image to uint8 prior to saving to suppress this warning.
INFO:main:Epoch: 11  || lrC: 0.1, lrD: 0.0002, lrG: 0.0002
INFO:main:Epoch:  11 || 100/921 || D_loss: 23.2520, G_loss: 0.0423, C_loss: 0.2088
INFO:main:Epoch:  11 || 200/921 || D_loss: 26.7799, G_loss: 0.0413, C_loss: 0.2072
INFO:main:Epoch:  11 || 300/921 || D_loss: 22.7271, G_loss: 0.0294, C_loss: 0.2615
INFO:main:Epoch:  11 || 400/921 || D_loss: 20.9111, G_loss: 0.0450, C_loss: 0.2091
INFO:main:Epoch:  11 || 500/921 || D_loss: 25.5087, G_loss: 0.0532, C_loss: 0.1928
INFO:main:Epoch:  11 || 600/921 || D_loss: 23.5699, G_loss: 0.0471, C_loss: 0.2119
INFO:main:Epoch:  11 || 700/921 || D_loss: 25.9181, G_loss: 0.0482, C_loss: 0.1758
INFO:main:Epoch:  11 || 800/921 || D_loss: 24.4331, G_loss: 0.0538, C_loss: 0.1933
INFO:main:Epoch:  11 || 900/921 || D_loss: 20.5174, G_loss: 0.0434, C_loss: 0.2334
INFO:main:
Pseudo tag || Accuracy: 57967/58944 (98%)

INFO:main:
Test set || Test loss: 0.0960 || Accuracy: 9857/10000 (98.5700%) || Best accuraccy: 0.9878

WARNING:imageio:Lossy conversion from float64 to uint8. Range [0, 1]. Convert image to uint8 prior to saving to suppress this warning.
INFO:main:Epoch: 12  || lrC: 0.1, lrD: 0.0002, lrG: 0.0002
INFO:main:Epoch:  12 || 100/921 || D_loss: 23.6888, G_loss: 0.0649, C_loss: 0.1914
INFO:main:Epoch:  12 || 200/921 || D_loss: 18.9452, G_loss: 0.0591, C_loss: 0.1754
INFO:main:Epoch:  12 || 300/921 || D_loss: 24.1845, G_loss: 0.0561, C_loss: 0.1968
INFO:main:Epoch:  12 || 400/921 || D_loss: 24.7135, G_loss: 0.0565, C_loss: 0.1511
INFO:main:Epoch:  12 || 500/921 || D_loss: 23.8895, G_loss: 0.0473, C_loss: 0.1924
INFO:main:Epoch:  12 || 600/921 || D_loss: 23.7712, G_loss: 0.0422, C_loss: 0.2139
INFO:main:Epoch:  12 || 700/921 || D_loss: 20.9501, G_loss: 0.0552, C_loss: 0.1739
INFO:main:Epoch:  12 || 800/921 || D_loss: 21.8206, G_loss: 0.0733, C_loss: 0.1528
INFO:main:Epoch:  12 || 900/921 || D_loss: 21.5550, G_loss: 0.0560, C_loss: 0.1841
INFO:main:
Pseudo tag || Accuracy: 58002/58944 (98%)

INFO:main:
Test set || Test loss: 0.1493 || Accuracy: 9796/10000 (97.9600%) || Best accuraccy: 0.9878

WARNING:imageio:Lossy conversion from float64 to uint8. Range [0, 1]. Convert image to uint8 prior to saving to suppress this warning.
INFO:main:Epoch: 13  || lrC: 0.1, lrD: 0.0002, lrG: 0.0002
INFO:main:Epoch:  13 || 100/921 || D_loss: 22.8725, G_loss: 0.0603, C_loss: 0.1596
INFO:main:Epoch:  13 || 200/921 || D_loss: 27.8539, G_loss: 0.0480, C_loss: 0.1642
INFO:main:Epoch:  13 || 300/921 || D_loss: 20.0806, G_loss: 0.0713, C_loss: 0.1893
INFO:main:Epoch:  13 || 400/921 || D_loss: 25.1059, G_loss: 0.0585, C_loss: 0.1844
INFO:main:Epoch:  13 || 500/921 || D_loss: 22.7444, G_loss: 0.0683, C_loss: 0.1594
INFO:main:Epoch:  13 || 600/921 || D_loss: 21.7518, G_loss: 0.0590, C_loss: 0.2021
INFO:main:Epoch:  13 || 700/921 || D_loss: 20.5971, G_loss: 0.0482, C_loss: 0.1614
INFO:main:Epoch:  13 || 800/921 || D_loss: 22.9319, G_loss: 0.0496, C_loss: 0.2161
INFO:main:Epoch:  13 || 900/921 || D_loss: 22.0009, G_loss: 0.0473, C_loss: 0.1782
INFO:main:
Pseudo tag || Accuracy: 58004/58944 (98%)

INFO:main:
Test set || Test loss: 0.1521 || Accuracy: 9761/10000 (97.6100%) || Best accuraccy: 0.9878

WARNING:imageio:Lossy conversion from float64 to uint8. Range [0, 1]. Convert image to uint8 prior to saving to suppress this warning.
INFO:main:Epoch: 14  || lrC: 0.1, lrD: 0.0002, lrG: 0.0002
INFO:main:Epoch:  14 || 100/921 || D_loss: 23.0811, G_loss: 0.0456, C_loss: 0.2132
INFO:main:Epoch:  14 || 200/921 || D_loss: 19.8017, G_loss: 0.0463, C_loss: 0.1977
INFO:main:Epoch:  14 || 300/921 || D_loss: 20.0306, G_loss: 0.0716, C_loss: 0.1465
INFO:main:Epoch:  14 || 400/921 || D_loss: 20.1103, G_loss: 0.0413, C_loss: 0.1527
INFO:main:Epoch:  14 || 500/921 || D_loss: 27.4887, G_loss: 0.0608, C_loss: 0.1480
INFO:main:Epoch:  14 || 600/921 || D_loss: 21.9931, G_loss: 0.0527, C_loss: 0.1867
INFO:main:Epoch:  14 || 700/921 || D_loss: 20.9807, G_loss: 0.0680, C_loss: 0.1398
INFO:main:Epoch:  14 || 800/921 || D_loss: 21.9957, G_loss: 0.0643, C_loss: 0.1905
INFO:main:Epoch:  14 || 900/921 || D_loss: 18.4094, G_loss: 0.0517, C_loss: 0.1528
INFO:main:
Pseudo tag || Accuracy: 57981/58944 (98%)

INFO:main:
Test set || Test loss: 0.1122 || Accuracy: 9830/10000 (98.3000%) || Best accuraccy: 0.9878

WARNING:imageio:Lossy conversion from float64 to uint8. Range [0, 1]. Convert image to uint8 prior to saving to suppress this warning.
INFO:main:Epoch: 15  || lrC: 0.1, lrD: 0.0002, lrG: 0.0002
INFO:main:Epoch:  15 || 100/921 || D_loss: 19.4984, G_loss: 0.0738, C_loss: 0.1756
INFO:main:Epoch:  15 || 200/921 || D_loss: 20.5481, G_loss: 0.0649, C_loss: 0.1764
INFO:main:Epoch:  15 || 300/921 || D_loss: 26.0633, G_loss: 0.0847, C_loss: 0.1817
INFO:main:Epoch:  15 || 400/921 || D_loss: 19.2203, G_loss: 0.0614, C_loss: 0.1652
INFO:main:Epoch:  15 || 500/921 || D_loss: 19.4301, G_loss: 0.0457, C_loss: 0.1607
INFO:main:Epoch:  15 || 600/921 || D_loss: 25.0462, G_loss: 0.0561, C_loss: 0.1738
INFO:main:Epoch:  15 || 700/921 || D_loss: 17.5420, G_loss: 0.0657, C_loss: 0.1662
INFO:main:Epoch:  15 || 800/921 || D_loss: 19.4025, G_loss: 0.0684, C_loss: 0.1599
INFO:main:Epoch:  15 || 900/921 || D_loss: 25.2998, G_loss: 0.0627, C_loss: 0.1835
INFO:main:
Pseudo tag || Accuracy: 57978/58944 (98%)

INFO:main:
Test set || Test loss: 0.0976 || Accuracy: 9828/10000 (98.2800%) || Best accuraccy: 0.9878

WARNING:imageio:Lossy conversion from float64 to uint8. Range [0, 1]. Convert image to uint8 prior to saving to suppress this warning.
INFO:main:Epoch: 16  || lrC: 0.1, lrD: 0.0002, lrG: 0.0002
INFO:main:Epoch:  16 || 100/921 || D_loss: 23.1972, G_loss: 0.0382, C_loss: 0.1769
INFO:main:Epoch:  16 || 200/921 || D_loss: 22.9852, G_loss: 0.0565, C_loss: 0.1573
INFO:main:Epoch:  16 || 300/921 || D_loss: 22.1642, G_loss: 0.0719, C_loss: 0.1993
INFO:main:Epoch:  16 || 400/921 || D_loss: 21.0702, G_loss: 0.0761, C_loss: 0.1468
INFO:main:Epoch:  16 || 500/921 || D_loss: 21.8674, G_loss: 0.0805, C_loss: 0.2336
INFO:main:Epoch:  16 || 600/921 || D_loss: 18.8115, G_loss: 0.0671, C_loss: 0.1447
INFO:main:Epoch:  16 || 700/921 || D_loss: 23.7075, G_loss: 0.0575, C_loss: 0.1471
INFO:main:Epoch:  16 || 800/921 || D_loss: 20.1676, G_loss: 0.0672, C_loss: 0.1580
INFO:main:Epoch:  16 || 900/921 || D_loss: 23.3979, G_loss: 0.0570, C_loss: 0.2085
INFO:main:
Pseudo tag || Accuracy: 58007/58944 (98%)

INFO:main:
Test set || Test loss: 0.0784 || Accuracy: 9866/10000 (98.6600%) || Best accuraccy: 0.9878

WARNING:imageio:Lossy conversion from float64 to uint8. Range [0, 1]. Convert image to uint8 prior to saving to suppress this warning.
INFO:main:Epoch: 17  || lrC: 0.1, lrD: 0.0002, lrG: 0.0002
INFO:main:Epoch:  17 || 100/921 || D_loss: 20.9093, G_loss: 0.0717, C_loss: 0.1696
INFO:main:Epoch:  17 || 200/921 || D_loss: 20.0726, G_loss: 0.0703, C_loss: 0.1844
INFO:main:Epoch:  17 || 300/921 || D_loss: 21.2134, G_loss: 0.0681, C_loss: 0.1748
INFO:main:Epoch:  17 || 400/921 || D_loss: 17.7773, G_loss: 0.0520, C_loss: 0.1682
INFO:main:Epoch:  17 || 500/921 || D_loss: 20.1683, G_loss: 0.0730, C_loss: 0.1765
INFO:main:Epoch:  17 || 600/921 || D_loss: 17.8215, G_loss: 0.0803, C_loss: 0.1258
INFO:main:Epoch:  17 || 700/921 || D_loss: 26.2759, G_loss: 0.0538, C_loss: 0.2053
INFO:main:Epoch:  17 || 800/921 || D_loss: 22.2629, G_loss: 0.0989, C_loss: 0.1297
INFO:main:Epoch:  17 || 900/921 || D_loss: 21.3408, G_loss: 0.0694, C_loss: 0.1760
INFO:main:
Pseudo tag || Accuracy: 57976/58944 (98%)

INFO:main:
Test set || Test loss: 0.1120 || Accuracy: 9847/10000 (98.4700%) || Best accuraccy: 0.9878

WARNING:imageio:Lossy conversion from float64 to uint8. Range [0, 1]. Convert image to uint8 prior to saving to suppress this warning.
INFO:main:Epoch: 18  || lrC: 0.1, lrD: 0.0002, lrG: 0.0002
INFO:main:Epoch:  18 || 100/921 || D_loss: 20.8103, G_loss: 0.0697, C_loss: 0.1641
INFO:main:Epoch:  18 || 200/921 || D_loss: 21.8595, G_loss: 0.0706, C_loss: 0.1441
INFO:main:Epoch:  18 || 300/921 || D_loss: 19.1672, G_loss: 0.0724, C_loss: 0.1423
INFO:main:Epoch:  18 || 400/921 || D_loss: 20.7164, G_loss: 0.0722, C_loss: 0.1609
INFO:main:Epoch:  18 || 500/921 || D_loss: 23.0921, G_loss: 0.0523, C_loss: 0.1772
INFO:main:Epoch:  18 || 600/921 || D_loss: 23.8788, G_loss: 0.0713, C_loss: 0.1646
INFO:main:Epoch:  18 || 700/921 || D_loss: 25.6307, G_loss: 0.0911, C_loss: 0.1245
INFO:main:Epoch:  18 || 800/921 || D_loss: 20.1984, G_loss: 0.0724, C_loss: 0.1329
INFO:main:Epoch:  18 || 900/921 || D_loss: 24.6017, G_loss: 0.0804, C_loss: 0.1397
INFO:main:
Pseudo tag || Accuracy: 58015/58944 (98%)

INFO:main:
Test set || Test loss: 0.0596 || Accuracy: 9870/10000 (98.7000%) || Best accuraccy: 0.9878

WARNING:imageio:Lossy conversion from float64 to uint8. Range [0, 1]. Convert image to uint8 prior to saving to suppress this warning.
INFO:main:Epoch: 19  || lrC: 0.1, lrD: 0.0002, lrG: 0.0002
INFO:main:Epoch:  19 || 100/921 || D_loss: 22.9712, G_loss: 0.0976, C_loss: 0.1659
INFO:main:Epoch:  19 || 200/921 || D_loss: 21.6476, G_loss: 0.0485, C_loss: 0.1610
INFO:main:Epoch:  19 || 300/921 || D_loss: 21.6895, G_loss: 0.0659, C_loss: 0.1435
INFO:main:Epoch:  19 || 400/921 || D_loss: 20.9582, G_loss: 0.0637, C_loss: 0.1572
INFO:main:Epoch:  19 || 500/921 || D_loss: 22.1140, G_loss: 0.0780, C_loss: 0.1253
INFO:main:Epoch:  19 || 600/921 || D_loss: 25.5030, G_loss: 0.0427, C_loss: 0.1786
INFO:main:Epoch:  19 || 700/921 || D_loss: 24.7609, G_loss: 0.0928, C_loss: 0.1355
INFO:main:Epoch:  19 || 800/921 || D_loss: 18.8226, G_loss: 0.0817, C_loss: 0.1943
INFO:main:Epoch:  19 || 900/921 || D_loss: 21.4375, G_loss: 0.0668, C_loss: 0.1783
INFO:main:
Pseudo tag || Accuracy: 58028/58944 (98%)

INFO:main:
Test set || Test loss: 0.1037 || Accuracy: 9828/10000 (98.2800%) || Best accuraccy: 0.9878

WARNING:imageio:Lossy conversion from float64 to uint8. Range [0, 1]. Convert image to uint8 prior to saving to suppress this warning.
INFO:main:Epoch: 20  || lrC: 0.1, lrD: 0.0002, lrG: 0.0002
INFO:main:Epoch:  20 || 100/921 || D_loss: 21.1619, G_loss: 0.0641, C_loss: 0.1277
INFO:main:Epoch:  20 || 200/921 || D_loss: 23.8847, G_loss: 0.0544, C_loss: 0.1768
INFO:main:Epoch:  20 || 300/921 || D_loss: 24.7716, G_loss: 0.0931, C_loss: 0.1491
INFO:main:Epoch:  20 || 400/921 || D_loss: 20.7575, G_loss: 0.0895, C_loss: 0.1263
INFO:main:Epoch:  20 || 500/921 || D_loss: 23.5589, G_loss: 0.0651, C_loss: 0.1636
INFO:main:Epoch:  20 || 600/921 || D_loss: 20.1507, G_loss: 0.0857, C_loss: 0.1213
INFO:main:Epoch:  20 || 700/921 || D_loss: 23.1731, G_loss: 0.0953, C_loss: 0.1280
INFO:main:Epoch:  20 || 800/921 || D_loss: 23.1128, G_loss: 0.0778, C_loss: 0.1747
INFO:main:Epoch:  20 || 900/921 || D_loss: 24.6548, G_loss: 0.0752, C_loss: 0.1618
INFO:main:
Pseudo tag || Accuracy: 58029/58944 (98%)

INFO:main:
Test set || Test loss: 0.1139 || Accuracy: 9787/10000 (97.8700%) || Best accuraccy: 0.9878

WARNING:imageio:Lossy conversion from float64 to uint8. Range [0, 1]. Convert image to uint8 prior to saving to suppress this warning.
INFO:main:Epoch: 21  || lrC: 0.1, lrD: 0.0002, lrG: 0.0002
INFO:main:Epoch:  21 || 100/921 || D_loss: 19.4951, G_loss: 0.0801, C_loss: 0.1256
INFO:main:Epoch:  21 || 200/921 || D_loss: 22.5411, G_loss: 0.0557, C_loss: 0.1594
INFO:main:Epoch:  21 || 300/921 || D_loss: 20.9462, G_loss: 0.0828, C_loss: 0.1445
INFO:main:Epoch:  21 || 400/921 || D_loss: 22.9079, G_loss: 0.0743, C_loss: 0.1215
INFO:main:Epoch:  21 || 500/921 || D_loss: 29.3417, G_loss: 0.0433, C_loss: 0.1859
INFO:main:Epoch:  21 || 600/921 || D_loss: 22.4489, G_loss: 0.0568, C_loss: 0.1772
INFO:main:Epoch:  21 || 700/921 || D_loss: 18.7472, G_loss: 0.0924, C_loss: 0.1172
INFO:main:Epoch:  21 || 800/921 || D_loss: 20.0425, G_loss: 0.0715, C_loss: 0.1389
INFO:main:Epoch:  21 || 900/921 || D_loss: 21.2334, G_loss: 0.0543, C_loss: 0.1395
INFO:main:
Pseudo tag || Accuracy: 58005/58944 (98%)

INFO:main:
Test set || Test loss: 0.1182 || Accuracy: 9828/10000 (98.2800%) || Best accuraccy: 0.9878

WARNING:imageio:Lossy conversion from float64 to uint8. Range [0, 1]. Convert image to uint8 prior to saving to suppress this warning.
INFO:main:Epoch: 22  || lrC: 0.1, lrD: 0.0002, lrG: 0.0002
INFO:main:Epoch:  22 || 100/921 || D_loss: 23.9544, G_loss: 0.0652, C_loss: 0.1427
INFO:main:Epoch:  22 || 200/921 || D_loss: 23.3388, G_loss: 0.0773, C_loss: 0.1525
INFO:main:Epoch:  22 || 300/921 || D_loss: 21.6296, G_loss: 0.0707, C_loss: 0.1259
INFO:main:Epoch:  22 || 400/921 || D_loss: 20.2537, G_loss: 0.1107, C_loss: 0.0841
INFO:main:Epoch:  22 || 500/921 || D_loss: 22.6914, G_loss: 0.0903, C_loss: 0.1224
INFO:main:Epoch:  22 || 600/921 || D_loss: 18.1332, G_loss: 0.1042, C_loss: 0.1135
INFO:main:Epoch:  22 || 700/921 || D_loss: 18.2245, G_loss: 0.0609, C_loss: 0.1426
INFO:main:Epoch:  22 || 800/921 || D_loss: 19.0054, G_loss: 0.0949, C_loss: 0.1973
INFO:main:Epoch:  22 || 900/921 || D_loss: 20.4131, G_loss: 0.0823, C_loss: 0.1433
INFO:main:
Pseudo tag || Accuracy: 58079/58944 (99%)

INFO:main:
Test set || Test loss: 0.0961 || Accuracy: 9840/10000 (98.4000%) || Best accuraccy: 0.9878

WARNING:imageio:Lossy conversion from float64 to uint8. Range [0, 1]. Convert image to uint8 prior to saving to suppress this warning.
INFO:main:Epoch: 23  || lrC: 0.1, lrD: 0.0002, lrG: 0.0002
INFO:main:Epoch:  23 || 100/921 || D_loss: 20.5600, G_loss: 0.0788, C_loss: 0.1202
INFO:main:Epoch:  23 || 200/921 || D_loss: 22.9676, G_loss: 0.0723, C_loss: 0.1180
INFO:main:Epoch:  23 || 300/921 || D_loss: 20.0211, G_loss: 0.0913, C_loss: 0.1326
INFO:main:Epoch:  23 || 400/921 || D_loss: 22.8125, G_loss: 0.0606, C_loss: 0.3771
INFO:main:Epoch:  23 || 500/921 || D_loss: 21.0827, G_loss: 0.0799, C_loss: 0.1523
INFO:main:Epoch:  23 || 600/921 || D_loss: 22.3501, G_loss: 0.0641, C_loss: 0.1621
INFO:main:Epoch:  23 || 700/921 || D_loss: 19.1219, G_loss: 0.0703, C_loss: 0.1128
INFO:main:Epoch:  23 || 800/921 || D_loss: 22.5799, G_loss: 0.0762, C_loss: 0.1134
INFO:main:Epoch:  23 || 900/921 || D_loss: 21.3389, G_loss: 0.0937, C_loss: 0.1176
INFO:main:
Pseudo tag || Accuracy: 58084/58944 (99%)

INFO:main:
Test set || Test loss: 0.1467 || Accuracy: 9751/10000 (97.5100%) || Best accuraccy: 0.9878

WARNING:imageio:Lossy conversion from float64 to uint8. Range [0, 1]. Convert image to uint8 prior to saving to suppress this warning.
INFO:main:Epoch: 24  || lrC: 0.1, lrD: 0.0002, lrG: 0.0002
INFO:main:Epoch:  24 || 100/921 || D_loss: 26.8869, G_loss: 0.0783, C_loss: 0.1533
INFO:main:Epoch:  24 || 200/921 || D_loss: 20.8157, G_loss: 0.1180, C_loss: 0.0814
INFO:main:Epoch:  24 || 300/921 || D_loss: 18.6839, G_loss: 0.0973, C_loss: 0.1226
INFO:main:Epoch:  24 || 400/921 || D_loss: 21.3239, G_loss: 0.1032, C_loss: 0.1289
INFO:main:Epoch:  24 || 500/921 || D_loss: 23.2045, G_loss: 0.0683, C_loss: 0.1313
INFO:main:Epoch:  24 || 600/921 || D_loss: 20.8732, G_loss: 0.0635, C_loss: 0.1508
INFO:main:Epoch:  24 || 700/921 || D_loss: 20.5855, G_loss: 0.1154, C_loss: 0.1345
INFO:main:Epoch:  24 || 800/921 || D_loss: 19.6825, G_loss: 0.1035, C_loss: 0.1493
INFO:main:Epoch:  24 || 900/921 || D_loss: 23.7689, G_loss: 0.1080, C_loss: 0.1132
INFO:main:
Pseudo tag || Accuracy: 58029/58944 (98%)

INFO:main:
Test set || Test loss: 0.0883 || Accuracy: 9788/10000 (97.8800%) || Best accuraccy: 0.9878

WARNING:imageio:Lossy conversion from float64 to uint8. Range [0, 1]. Convert image to uint8 prior to saving to suppress this warning.
INFO:main:Epoch: 25  || lrC: 0.1, lrD: 0.0002, lrG: 0.0002
INFO:main:Epoch:  25 || 100/921 || D_loss: 19.7594, G_loss: 0.0849, C_loss: 0.1302
INFO:main:Epoch:  25 || 200/921 || D_loss: 19.4789, G_loss: 0.0868, C_loss: 0.1115
INFO:main:Epoch:  25 || 300/921 || D_loss: 23.1225, G_loss: 0.1009, C_loss: 0.1537
INFO:main:Epoch:  25 || 400/921 || D_loss: 21.7947, G_loss: 0.0886, C_loss: 0.1336
INFO:main:Epoch:  25 || 500/921 || D_loss: 16.5849, G_loss: 0.0966, C_loss: 0.1024
INFO:main:Epoch:  25 || 600/921 || D_loss: 23.1065, G_loss: 0.0991, C_loss: 0.1205
INFO:main:Epoch:  25 || 700/921 || D_loss: 18.2275, G_loss: 0.0501, C_loss: 0.1564
INFO:main:Epoch:  25 || 800/921 || D_loss: 19.9432, G_loss: 0.1073, C_loss: 0.1159
INFO:main:Epoch:  25 || 900/921 || D_loss: 21.1137, G_loss: 0.0777, C_loss: 0.2173
INFO:main:
Pseudo tag || Accuracy: 58066/58944 (99%)

INFO:main:
Test set || Test loss: 0.0737 || Accuracy: 9852/10000 (98.5200%) || Best accuraccy: 0.9878

WARNING:imageio:Lossy conversion from float64 to uint8. Range [0, 1]. Convert image to uint8 prior to saving to suppress this warning.
INFO:main:Epoch: 26  || lrC: 0.1, lrD: 0.0002, lrG: 0.0002
INFO:main:Epoch:  26 || 100/921 || D_loss: 21.8940, G_loss: 0.0917, C_loss: 0.1244
INFO:main:Epoch:  26 || 200/921 || D_loss: 23.0407, G_loss: 0.0417, C_loss: 0.1486
INFO:main:Epoch:  26 || 300/921 || D_loss: 22.7603, G_loss: 0.0689, C_loss: 0.1373
INFO:main:Epoch:  26 || 400/921 || D_loss: 20.6712, G_loss: 0.0911, C_loss: 0.1259
INFO:main:Epoch:  26 || 500/921 || D_loss: 21.9307, G_loss: 0.0980, C_loss: 0.1207
INFO:main:Epoch:  26 || 600/921 || D_loss: 18.9139, G_loss: 0.0970, C_loss: 0.1373
INFO:main:Epoch:  26 || 700/921 || D_loss: 19.0067, G_loss: 0.0835, C_loss: 0.1187
INFO:main:Epoch:  26 || 800/921 || D_loss: 18.3561, G_loss: 0.0866, C_loss: 0.1083
INFO:main:Epoch:  26 || 900/921 || D_loss: 23.3457, G_loss: 0.0621, C_loss: 0.1489
INFO:main:
Pseudo tag || Accuracy: 58071/58944 (99%)

INFO:main:
Test set || Test loss: 0.0743 || Accuracy: 9845/10000 (98.4500%) || Best accuraccy: 0.9878

WARNING:imageio:Lossy conversion from float64 to uint8. Range [0, 1]. Convert image to uint8 prior to saving to suppress this warning.
INFO:main:Epoch: 27  || lrC: 0.1, lrD: 0.0002, lrG: 0.0002
INFO:main:Epoch:  27 || 100/921 || D_loss: 22.5895, G_loss: 0.1090, C_loss: 0.1318
INFO:main:Epoch:  27 || 200/921 || D_loss: 26.0346, G_loss: 0.0555, C_loss: 0.1406
INFO:main:Epoch:  27 || 300/921 || D_loss: 18.7704, G_loss: 0.0932, C_loss: 0.1313
INFO:main:Epoch:  27 || 400/921 || D_loss: 23.2018, G_loss: 0.0502, C_loss: 0.1315
INFO:main:Epoch:  27 || 500/921 || D_loss: 26.2744, G_loss: 0.1030, C_loss: 0.1332
INFO:main:Epoch:  27 || 600/921 || D_loss: 23.9134, G_loss: 0.1172, C_loss: 0.1720
INFO:main:Epoch:  27 || 700/921 || D_loss: 17.9935, G_loss: 0.0618, C_loss: 0.1981
INFO:main:Epoch:  27 || 800/921 || D_loss: 19.3592, G_loss: 0.0779, C_loss: 0.1476
INFO:main:Epoch:  27 || 900/921 || D_loss: 25.7873, G_loss: 0.0632, C_loss: 0.1129
INFO:main:
Pseudo tag || Accuracy: 58052/58944 (98%)

INFO:main:
Test set || Test loss: 0.1423 || Accuracy: 9789/10000 (97.8900%) || Best accuraccy: 0.9878

WARNING:imageio:Lossy conversion from float64 to uint8. Range [0, 1]. Convert image to uint8 prior to saving to suppress this warning.
INFO:main:Epoch: 28  || lrC: 0.1, lrD: 0.0002, lrG: 0.0002
INFO:main:Epoch:  28 || 100/921 || D_loss: 23.1871, G_loss: 0.0902, C_loss: 0.1569
INFO:main:Epoch:  28 || 200/921 || D_loss: 21.7639, G_loss: 0.1260, C_loss: 0.1020
INFO:main:Epoch:  28 || 300/921 || D_loss: 20.6610, G_loss: 0.0985, C_loss: 0.1092
INFO:main:Epoch:  28 || 400/921 || D_loss: 21.7393, G_loss: 0.0999, C_loss: 0.1080
INFO:main:Epoch:  28 || 500/921 || D_loss: 20.0048, G_loss: 0.0903, C_loss: 0.1023
INFO:main:Epoch:  28 || 600/921 || D_loss: 24.2244, G_loss: 0.1173, C_loss: 0.1091
INFO:main:Epoch:  28 || 700/921 || D_loss: 23.3218, G_loss: 0.0864, C_loss: 0.1379
INFO:main:Epoch:  28 || 800/921 || D_loss: 24.0911, G_loss: 0.1091, C_loss: 0.1569
INFO:main:Epoch:  28 || 900/921 || D_loss: 19.7321, G_loss: 0.1204, C_loss: 0.1052
INFO:main:
Pseudo tag || Accuracy: 58066/58944 (99%)

INFO:main:
Test set || Test loss: 0.1136 || Accuracy: 9811/10000 (98.1100%) || Best accuraccy: 0.9878

WARNING:imageio:Lossy conversion from float64 to uint8. Range [0, 1]. Convert image to uint8 prior to saving to suppress this warning.
INFO:main:Epoch: 29  || lrC: 0.1, lrD: 0.0002, lrG: 0.0002
INFO:main:Epoch:  29 || 100/921 || D_loss: 24.8856, G_loss: 0.0258, C_loss: 0.2233
INFO:main:Epoch:  29 || 200/921 || D_loss: 21.7086, G_loss: 0.0963, C_loss: 0.1186
INFO:main:Epoch:  29 || 300/921 || D_loss: 22.7401, G_loss: 0.0755, C_loss: 0.1003
INFO:main:Epoch:  29 || 400/921 || D_loss: 24.0689, G_loss: 0.0913, C_loss: 0.1089
INFO:main:Epoch:  29 || 500/921 || D_loss: 21.1559, G_loss: 0.1066, C_loss: 0.1137
INFO:main:Epoch:  29 || 600/921 || D_loss: 19.1910, G_loss: 0.0795, C_loss: 0.1461
INFO:main:Epoch:  29 || 700/921 || D_loss: 21.1984, G_loss: 0.0895, C_loss: 0.0957
INFO:main:Epoch:  29 || 800/921 || D_loss: 19.8306, G_loss: 0.0987, C_loss: 0.1282
INFO:main:Epoch:  29 || 900/921 || D_loss: 22.5923, G_loss: 0.0825, C_loss: 0.1231
INFO:main:
Pseudo tag || Accuracy: 58043/58944 (98%)

INFO:main:
Test set || Test loss: 0.1423 || Accuracy: 9766/10000 (97.6600%) || Best accuraccy: 0.9878

WARNING:imageio:Lossy conversion from float64 to uint8. Range [0, 1]. Convert image to uint8 prior to saving to suppress this warning.
INFO:main:Epoch: 30  || lrC: 0.1, lrD: 0.0002, lrG: 0.0002
INFO:main:Epoch:  30 || 100/921 || D_loss: 21.3922, G_loss: 0.1063, C_loss: 0.0790
INFO:main:Epoch:  30 || 200/921 || D_loss: 20.8780, G_loss: 0.0892, C_loss: 0.0911
INFO:main:Epoch:  30 || 300/921 || D_loss: 22.3319, G_loss: 0.0784, C_loss: 0.1199
INFO:main:Epoch:  30 || 400/921 || D_loss: 20.9190, G_loss: 0.0953, C_loss: 0.1130
INFO:main:Epoch:  30 || 500/921 || D_loss: 22.7164, G_loss: 0.1014, C_loss: 0.0942
INFO:main:Epoch:  30 || 600/921 || D_loss: 19.8548, G_loss: 0.0884, C_loss: 0.1050
INFO:main:Epoch:  30 || 700/921 || D_loss: 17.7862, G_loss: 0.0867, C_loss: 0.1166
INFO:main:Epoch:  30 || 800/921 || D_loss: 18.3746, G_loss: 0.0514, C_loss: 0.1377
INFO:main:Epoch:  30 || 900/921 || D_loss: 24.6122, G_loss: 0.1167, C_loss: 0.1150
INFO:main:
Pseudo tag || Accuracy: 58072/58944 (99%)

INFO:main:
Test set || Test loss: 0.1013 || Accuracy: 9833/10000 (98.3300%) || Best accuraccy: 0.9878

WARNING:imageio:Lossy conversion from float64 to uint8. Range [0, 1]. Convert image to uint8 prior to saving to suppress this warning.
INFO:main:Epoch: 31  || lrC: 0.1, lrD: 0.0002, lrG: 0.0002
INFO:main:Epoch:  31 || 100/921 || D_loss: 21.8262, G_loss: 0.0821, C_loss: 0.1117
INFO:main:Epoch:  31 || 200/921 || D_loss: 18.5532, G_loss: 0.0819, C_loss: 0.0840
INFO:main:Epoch:  31 || 300/921 || D_loss: 21.0172, G_loss: 0.1126, C_loss: 0.0825
INFO:main:Epoch:  31 || 400/921 || D_loss: 21.4241, G_loss: 0.1043, C_loss: 0.1185
INFO:main:Epoch:  31 || 500/921 || D_loss: 20.8195, G_loss: 0.1006, C_loss: 0.0813
INFO:main:Epoch:  31 || 600/921 || D_loss: 20.4280, G_loss: 0.0645, C_loss: 0.1235
INFO:main:Epoch:  31 || 700/921 || D_loss: 15.9345, G_loss: 0.0886, C_loss: 0.0886
INFO:main:Epoch:  31 || 800/921 || D_loss: 22.3065, G_loss: 0.0796, C_loss: 0.1587
INFO:main:Epoch:  31 || 900/921 || D_loss: 17.7380, G_loss: 0.0834, C_loss: 0.1095
INFO:main:
Pseudo tag || Accuracy: 58068/58944 (99%)

INFO:main:
Test set || Test loss: 0.1316 || Accuracy: 9775/10000 (97.7500%) || Best accuraccy: 0.9878

WARNING:imageio:Lossy conversion from float64 to uint8. Range [0, 1]. Convert image to uint8 prior to saving to suppress this warning.
INFO:main:Epoch: 32  || lrC: 0.1, lrD: 0.0002, lrG: 0.0002
INFO:main:Epoch:  32 || 100/921 || D_loss: 21.7887, G_loss: 0.0997, C_loss: 0.0722
INFO:main:Epoch:  32 || 200/921 || D_loss: 18.6700, G_loss: 0.1049, C_loss: 0.1172
INFO:main:Epoch:  32 || 300/921 || D_loss: 23.5681, G_loss: 0.1178, C_loss: 0.0815
INFO:main:Epoch:  32 || 400/921 || D_loss: 19.7607, G_loss: 0.0996, C_loss: 0.1131
INFO:main:Epoch:  32 || 500/921 || D_loss: 21.1759, G_loss: 0.0958, C_loss: 0.0914
INFO:main:Epoch:  32 || 600/921 || D_loss: 20.8118, G_loss: 0.1117, C_loss: 0.1099
INFO:main:Epoch:  32 || 700/921 || D_loss: 20.4553, G_loss: 0.0667, C_loss: 0.1056
INFO:main:Epoch:  32 || 800/921 || D_loss: 26.8372, G_loss: 0.0696, C_loss: 0.1148
INFO:main:Epoch:  32 || 900/921 || D_loss: 19.5147, G_loss: 0.0978, C_loss: 0.0913
INFO:main:
Pseudo tag || Accuracy: 58078/58944 (99%)

INFO:main:
Test set || Test loss: 0.0825 || Accuracy: 9849/10000 (98.4900%) || Best accuraccy: 0.9878

WARNING:imageio:Lossy conversion from float64 to uint8. Range [0, 1]. Convert image to uint8 prior to saving to suppress this warning.
INFO:main:Epoch: 33  || lrC: 0.1, lrD: 0.0002, lrG: 0.0002
INFO:main:Epoch:  33 || 100/921 || D_loss: 20.4972, G_loss: 0.1112, C_loss: 0.1477
INFO:main:Epoch:  33 || 200/921 || D_loss: 20.6019, G_loss: 0.1204, C_loss: 0.0827
INFO:main:Epoch:  33 || 300/921 || D_loss: 21.0937, G_loss: 0.1064, C_loss: 0.1024
INFO:main:Epoch:  33 || 400/921 || D_loss: 22.3275, G_loss: 0.1041, C_loss: 0.0819
INFO:main:Epoch:  33 || 500/921 || D_loss: 18.8181, G_loss: 0.0930, C_loss: 0.1324
INFO:main:Epoch:  33 || 600/921 || D_loss: 20.7476, G_loss: 0.0871, C_loss: 0.0904
INFO:main:Epoch:  33 || 700/921 || D_loss: 22.0182, G_loss: 0.1128, C_loss: 0.1301
INFO:main:Epoch:  33 || 800/921 || D_loss: 19.2932, G_loss: 0.1223, C_loss: 0.1119
INFO:main:Epoch:  33 || 900/921 || D_loss: 23.3223, G_loss: 0.0861, C_loss: 0.0872
INFO:main:
Pseudo tag || Accuracy: 58078/58944 (99%)

INFO:main:
Test set || Test loss: 0.1179 || Accuracy: 9799/10000 (97.9900%) || Best accuraccy: 0.9878

WARNING:imageio:Lossy conversion from float64 to uint8. Range [0, 1]. Convert image to uint8 prior to saving to suppress this warning.
INFO:main:Epoch: 34  || lrC: 0.1, lrD: 0.0002, lrG: 0.0002
INFO:main:Epoch:  34 || 100/921 || D_loss: 18.2648, G_loss: 0.0918, C_loss: 0.1060
INFO:main:Epoch:  34 || 200/921 || D_loss: 20.9513, G_loss: 0.1151, C_loss: 0.0699
INFO:main:Epoch:  34 || 300/921 || D_loss: 19.0805, G_loss: 0.1186, C_loss: 0.1535
INFO:main:Epoch:  34 || 400/921 || D_loss: 20.5846, G_loss: 0.0965, C_loss: 0.1018
INFO:main:Epoch:  34 || 500/921 || D_loss: 22.4334, G_loss: 0.1092, C_loss: 0.0922
INFO:main:Epoch:  34 || 600/921 || D_loss: 25.0808, G_loss: 0.1228, C_loss: 0.0919
INFO:main:Epoch:  34 || 700/921 || D_loss: 18.2887, G_loss: 0.0939, C_loss: 0.1301
INFO:main:Epoch:  34 || 800/921 || D_loss: 21.9774, G_loss: 0.1218, C_loss: 0.1144
INFO:main:Epoch:  34 || 900/921 || D_loss: 20.7493, G_loss: 0.1191, C_loss: 0.0901
INFO:main:
Pseudo tag || Accuracy: 58081/58944 (99%)

INFO:main:
Test set || Test loss: 0.1364 || Accuracy: 9754/10000 (97.5400%) || Best accuraccy: 0.9878

WARNING:imageio:Lossy conversion from float64 to uint8. Range [0, 1]. Convert image to uint8 prior to saving to suppress this warning.
INFO:main:Epoch: 35  || lrC: 0.1, lrD: 0.0002, lrG: 0.0002
INFO:main:Epoch:  35 || 100/921 || D_loss: 18.7867, G_loss: 0.1219, C_loss: 0.0640
INFO:main:Epoch:  35 || 200/921 || D_loss: 22.5102, G_loss: 0.0951, C_loss: 0.1414
INFO:main:Epoch:  35 || 300/921 || D_loss: 20.1282, G_loss: 0.1051, C_loss: 0.1383
INFO:main:Epoch:  35 || 400/921 || D_loss: 25.6922, G_loss: 0.1168, C_loss: 0.1076
INFO:main:Epoch:  35 || 500/921 || D_loss: 20.1038, G_loss: 0.0991, C_loss: 0.1072
INFO:main:Epoch:  35 || 600/921 || D_loss: 22.2582, G_loss: 0.1146, C_loss: 0.0853
INFO:main:Epoch:  35 || 700/921 || D_loss: 21.8842, G_loss: 0.0373, C_loss: 0.1340
INFO:main:Epoch:  35 || 800/921 || D_loss: 24.4772, G_loss: 0.1186, C_loss: 0.0756
INFO:main:Epoch:  35 || 900/921 || D_loss: 19.1329, G_loss: 0.1203, C_loss: 0.0948
INFO:main:
Pseudo tag || Accuracy: 58091/58944 (99%)

INFO:main:
Test set || Test loss: 0.1132 || Accuracy: 9811/10000 (98.1100%) || Best accuraccy: 0.9878

WARNING:imageio:Lossy conversion from float64 to uint8. Range [0, 1]. Convert image to uint8 prior to saving to suppress this warning.
INFO:main:Epoch: 36  || lrC: 0.1, lrD: 0.0002, lrG: 0.0002
INFO:main:Epoch:  36 || 100/921 || D_loss: 22.0256, G_loss: 0.1103, C_loss: 0.0867
INFO:main:Epoch:  36 || 200/921 || D_loss: 21.9387, G_loss: 0.0968, C_loss: 0.0931
INFO:main:Epoch:  36 || 300/921 || D_loss: 19.1247, G_loss: 0.1049, C_loss: 0.0760
INFO:main:Epoch:  36 || 400/921 || D_loss: 21.0595, G_loss: 0.1005, C_loss: 0.1023
INFO:main:Epoch:  36 || 500/921 || D_loss: 21.9963, G_loss: 0.0906, C_loss: 0.0987
INFO:main:Epoch:  36 || 600/921 || D_loss: 22.9830, G_loss: 0.0952, C_loss: 0.1071
INFO:main:Epoch:  36 || 700/921 || D_loss: 23.8605, G_loss: 0.1212, C_loss: 0.0826
INFO:main:Epoch:  36 || 800/921 || D_loss: 23.0216, G_loss: 0.0713, C_loss: 0.1233
INFO:main:Epoch:  36 || 900/921 || D_loss: 22.1735, G_loss: 0.1038, C_loss: 0.0806
INFO:main:
Pseudo tag || Accuracy: 58078/58944 (99%)

INFO:main:
Test set || Test loss: 0.1219 || Accuracy: 9798/10000 (97.9800%) || Best accuraccy: 0.9878

WARNING:imageio:Lossy conversion from float64 to uint8. Range [0, 1]. Convert image to uint8 prior to saving to suppress this warning.
INFO:main:Epoch: 37  || lrC: 0.1, lrD: 0.0002, lrG: 0.0002
INFO:main:Epoch:  37 || 100/921 || D_loss: 20.3961, G_loss: 0.1192, C_loss: 0.1120
INFO:main:Epoch:  37 || 200/921 || D_loss: 20.8557, G_loss: 0.1082, C_loss: 0.1037
INFO:main:Epoch:  37 || 300/921 || D_loss: 20.6895, G_loss: 0.1077, C_loss: 0.1540
INFO:main:Epoch:  37 || 400/921 || D_loss: 20.3520, G_loss: 0.0801, C_loss: 0.1505
INFO:main:Epoch:  37 || 500/921 || D_loss: 24.9885, G_loss: 0.0954, C_loss: 0.1073
INFO:main:Epoch:  37 || 600/921 || D_loss: 20.7136, G_loss: 0.1122, C_loss: 0.1072
INFO:main:Epoch:  37 || 700/921 || D_loss: 22.5665, G_loss: 0.1094, C_loss: 0.0960
INFO:main:Epoch:  37 || 800/921 || D_loss: 21.7674, G_loss: 0.0871, C_loss: 0.0883
INFO:main:Epoch:  37 || 900/921 || D_loss: 22.2675, G_loss: 0.1064, C_loss: 0.0959
INFO:main:
Pseudo tag || Accuracy: 58074/58944 (99%)

INFO:main:
Test set || Test loss: 0.0944 || Accuracy: 9826/10000 (98.2600%) || Best accuraccy: 0.9878

WARNING:imageio:Lossy conversion from float64 to uint8. Range [0, 1]. Convert image to uint8 prior to saving to suppress this warning.
INFO:main:Epoch: 38  || lrC: 0.1, lrD: 0.0002, lrG: 0.0002
INFO:main:Epoch:  38 || 100/921 || D_loss: 19.6948, G_loss: 0.0977, C_loss: 0.1045
INFO:main:Epoch:  38 || 200/921 || D_loss: 20.8605, G_loss: 0.0927, C_loss: 0.1022
INFO:main:Epoch:  38 || 300/921 || D_loss: 22.8694, G_loss: 0.0983, C_loss: 0.0933
INFO:main:Epoch:  38 || 400/921 || D_loss: 19.5818, G_loss: 0.1146, C_loss: 0.0658
INFO:main:Epoch:  38 || 500/921 || D_loss: 20.1159, G_loss: 0.0940, C_loss: 0.1140
INFO:main:Epoch:  38 || 600/921 || D_loss: 18.5749, G_loss: 0.1153, C_loss: 0.0771
INFO:main:Epoch:  38 || 700/921 || D_loss: 24.5317, G_loss: 0.1178, C_loss: 0.0986
INFO:main:Epoch:  38 || 800/921 || D_loss: 19.6249, G_loss: 0.1270, C_loss: 0.0810
INFO:main:Epoch:  38 || 900/921 || D_loss: 24.7716, G_loss: 0.1243, C_loss: 0.0853
INFO:main:
Pseudo tag || Accuracy: 58107/58944 (99%)

INFO:main:
Test set || Test loss: 0.1334 || Accuracy: 9772/10000 (97.7200%) || Best accuraccy: 0.9878

WARNING:imageio:Lossy conversion from float64 to uint8. Range [0, 1]. Convert image to uint8 prior to saving to suppress this warning.
INFO:main:Epoch: 39  || lrC: 0.1, lrD: 0.0002, lrG: 0.0002
INFO:main:Epoch:  39 || 100/921 || D_loss: 22.2539, G_loss: 0.0931, C_loss: 0.0913
INFO:main:Epoch:  39 || 200/921 || D_loss: 20.2199, G_loss: 0.1282, C_loss: 0.0740
INFO:main:Epoch:  39 || 300/921 || D_loss: 25.1588, G_loss: 0.1373, C_loss: 0.0656
INFO:main:Epoch:  39 || 400/921 || D_loss: 19.1435, G_loss: 0.0681, C_loss: 0.1345
INFO:main:Epoch:  39 || 500/921 || D_loss: 21.1620, G_loss: 0.1021, C_loss: 0.0857
INFO:main:Epoch:  39 || 600/921 || D_loss: 21.3206, G_loss: 0.1285, C_loss: 0.0631
INFO:main:Epoch:  39 || 700/921 || D_loss: 19.0280, G_loss: 0.1183, C_loss: 0.0780
INFO:main:Epoch:  39 || 800/921 || D_loss: 20.9020, G_loss: 0.1014, C_loss: 0.1134
INFO:main:Epoch:  39 || 900/921 || D_loss: 17.8300, G_loss: 0.1101, C_loss: 0.0733
INFO:main:
Pseudo tag || Accuracy: 58116/58944 (99%)

INFO:main:
Test set || Test loss: 0.1224 || Accuracy: 9799/10000 (97.9900%) || Best accuraccy: 0.9878

WARNING:imageio:Lossy conversion from float64 to uint8. Range [0, 1]. Convert image to uint8 prior to saving to suppress this warning.
INFO:main:Epoch: 40  || lrC: 0.1, lrD: 0.0002, lrG: 0.0002
INFO:main:Epoch:  40 || 100/921 || D_loss: 18.4397, G_loss: 0.1094, C_loss: 0.1021
INFO:main:Epoch:  40 || 200/921 || D_loss: 22.9653, G_loss: 0.1181, C_loss: 0.0692
INFO:main:Epoch:  40 || 300/921 || D_loss: 20.6427, G_loss: 0.1109, C_loss: 0.0876
INFO:main:Epoch:  40 || 400/921 || D_loss: 23.3967, G_loss: 0.1104, C_loss: 0.0772
INFO:main:Epoch:  40 || 500/921 || D_loss: 20.8942, G_loss: 0.1112, C_loss: 0.0894
INFO:main:Epoch:  40 || 600/921 || D_loss: 24.0722, G_loss: 0.1354, C_loss: 0.0736
INFO:main:Epoch:  40 || 700/921 || D_loss: 22.4143, G_loss: 0.1076, C_loss: 0.0660
INFO:main:Epoch:  40 || 800/921 || D_loss: 22.4838, G_loss: 0.1180, C_loss: 0.0941
INFO:main:Epoch:  40 || 900/921 || D_loss: 22.6395, G_loss: 0.1143, C_loss: 0.0853
INFO:main:
Pseudo tag || Accuracy: 58116/58944 (99%)

INFO:main:
Test set || Test loss: 0.0975 || Accuracy: 9814/10000 (98.1400%) || Best accuraccy: 0.9878

WARNING:imageio:Lossy conversion from float64 to uint8. Range [0, 1]. Convert image to uint8 prior to saving to suppress this warning.
INFO:main:Average one epoch time: 200.62, total 40 epochs time: 8025.95
